Processing model = UNet/other/UNet_UKB_6b8f
Importing outputs/UNet/other/UNet_UKB_5b4f/config.cfg...
  0%|[33m          [0m| 0/150 [00:00<?, ?it/s]
Volumetric_scaling_from_T1_head_image_to_standard_space:   0%|[33m          [0m| 0/150 [00:00<?, ?it/s]
Volumetric_scaling_from_T1_head_image_to_standard_space:   1%|[33m          [0m| 1/150 [31:54<79:13:27, 1914.14s/it]
APOE:   1%|[33m          [0m| 1/150 [31:54<79:13:27, 1914.14s/it]                                                   
APOE:   1%|[33mâ–         [0m| 2/150 [1:14:46<94:37:17, 2301.60s/it]
DISC1:   1%|[33mâ–         [0m| 2/150 [1:14:46<94:37:17, 2301.60s/it]
DISC1:   2%|[33mâ–         [0m| 3/150 [2:04:27<106:38:19, 2611.56s/it]
MTHFR:   2%|[33mâ–         [0m| 3/150 [2:04:27<106:38:19, 2611.56s/it]
MTHFR:   3%|[33mâ–Ž         [0m| 4/150 [2:45:34<103:36:19, 2554.66s/it]
CR1:   3%|[33mâ–Ž         [0m| 4/150 [2:45:34<103:36:19, 2554.66s/it]  
CR1:   3%|[33mâ–Ž         [0m| 5/150 [3:33:09<107:15:35, 2663.00s/it]
BIN1:   3%|[33mâ–Ž         [0m| 5/150 [3:33:10<107:15:35, 2663.00s/it]
BIN1:   4%|[33mâ–         [0m| 6/150 [4:16:12<105:25:34, 2635.66s/it]
ZNF804A:   4%|[33mâ–         [0m| 6/150 [4:16:12<105:25:34, 2635.66s/it]
ZNF804A:   5%|[33mâ–         [0m| 7/150 [4:57:11<102:23:46, 2577.81s/it]
TRANK1:   5%|[33mâ–         [0m| 7/150 [4:57:11<102:23:46, 2577.81s/it] 
TRANK1:   5%|[33mâ–Œ         [0m| 8/150 [5:36:32<98:57:39, 2508.87s/it] 
SNCA:   5%|[33mâ–Œ         [0m| 8/150 [5:36:32<98:57:39, 2508.87s/it]  
SNCA:   6%|[33mâ–Œ         [0m| 9/150 [6:18:35<98:26:29, 2513.40s/it]
IL7R:   6%|[33mâ–Œ         [0m| 9/150 [6:18:35<98:26:29, 2513.40s/it]
IL7R:   7%|[33mâ–‹         [0m| 10/150 [7:02:10<98:57:13, 2544.52s/it]
PRKN:   7%|[33mâ–‹         [0m| 10/150 [7:02:10<98:57:13, 2544.52s/it]
PRKN:   7%|[33mâ–‹         [0m| 11/150 [7:56:29<106:41:47, 2763.36s/it]
HLA-DRB1:   7%|[33mâ–‹         [0m| 11/150 [7:56:29<106:41:47, 2763.36s/it]
HLA-DRB1:   8%|[33mâ–Š         [0m| 12/150 [8:45:30<107:59:44, 2817.28s/it]
NRG1:   8%|[33mâ–Š         [0m| 12/150 [8:45:30<107:59:44, 2817.28s/it]    
NRG1:   9%|[33mâ–Š         [0m| 13/150 [9:26:18<102:57:51, 2705.63s/it]
CLU:   9%|[33mâ–Š         [0m| 13/150 [9:26:18<102:57:51, 2705.63s/it] 
CLU:   9%|[33mâ–‰         [0m| 14/150 [10:06:51<99:06:06, 2623.29s/it]
ANK3:   9%|[33mâ–‰         [0m| 14/150 [10:06:52<99:06:06, 2623.29s/it]
ANK3:  10%|[33mâ–ˆ         [0m| 15/150 [10:59:39<104:31:42, 2787.43s/it]
IL2RA:  10%|[33mâ–ˆ         [0m| 15/150 [10:59:39<104:31:42, 2787.43s/it]
IL2RA:  11%|[33mâ–ˆ         [0m| 16/150 [11:43:43<102:08:44, 2744.21s/it]
PICALM:  11%|[33mâ–ˆ         [0m| 16/150 [11:43:43<102:08:44, 2744.21s/it]
PICALM:  11%|[33mâ–ˆâ–        [0m| 17/150 [12:24:19<97:57:35, 2651.54s/it] 
SORL1:  11%|[33mâ–ˆâ–        [0m| 17/150 [12:24:19<97:57:35, 2651.54s/it] 
SORL1:  12%|[33mâ–ˆâ–        [0m| 18/150 [13:05:08<94:59:36, 2590.73s/it]
LRRK2:  12%|[33mâ–ˆâ–        [0m| 18/150 [13:05:08<94:59:36, 2590.73s/it]
LRRK2:  13%|[33mâ–ˆâ–Ž        [0m| 19/150 [13:59:35<101:39:24, 2793.62s/it]
CACNA1C:  13%|[33mâ–ˆâ–Ž        [0m| 19/150 [13:59:35<101:39:24, 2793.62s/it]
CACNA1C:  13%|[33mâ–ˆâ–Ž        [0m| 20/150 [14:40:28<97:11:50, 2691.62s/it] 
TCF4:  13%|[33mâ–ˆâ–Ž        [0m| 20/150 [14:40:28<97:11:50, 2691.62s/it]   
TCF4:  14%|[33mâ–ˆâ–        [0m| 21/150 [15:33:25<101:39:54, 2837.17s/it]
CD33:  14%|[33mâ–ˆâ–        [0m| 21/150 [15:33:25<101:39:54, 2837.17s/it]
CD33:  15%|[33mâ–ˆâ–        [0m| 22/150 [16:14:50<97:06:59, 2731.40s/it] 
Volume_of_brain_grey_white_matter:  15%|[33mâ–ˆâ–        [0m| 22/150 [16:14:50<97:06:59, 2731.40s/it]
Volume_of_brain_grey_white_matter:  15%|[33mâ–ˆâ–Œ        [0m| 23/150 [16:46:47<87:44:08, 2487.00s/it]
Volume_of_brain_grey_white_matter_normalised_for_head_size:  15%|[33mâ–ˆâ–Œ        [0m| 23/150 [16:46:47<87:44:08, 2487.00s/it]
Volume_of_brain_grey_white_matter_normalised_for_head_size:  16%|[33mâ–ˆâ–Œ        [0m| 24/150 [17:18:35<80:57:47, 2313.23s/it]
Volume_of_white_matter:  16%|[33mâ–ˆâ–Œ        [0m| 24/150 [17:18:35<80:57:47, 2313.23s/it]                                    
Volume_of_white_matter:  17%|[33mâ–ˆâ–‹        [0m| 25/150 [17:50:27<76:08:45, 2193.00s/it]
Volume_of_white_matter_normalised_for_head_size:  17%|[33mâ–ˆâ–‹        [0m| 25/150 [17:50:27<76:08:45, 2193.00s/it]
Volume_of_white_matter_normalised_for_head_size:  17%|[33mâ–ˆâ–‹        [0m| 26/150 [18:22:19<72:37:48, 2108.61s/it]
Volume_of_grey_matter:  17%|[33mâ–ˆâ–‹        [0m| 26/150 [18:22:19<72:37:48, 2108.61s/it]                          
Volume_of_grey_matter:  18%|[33mâ–ˆâ–Š        [0m| 27/150 [18:54:21<70:08:15, 2052.81s/it]
Volume_of_grey_matter_normalised_for_head_size:  18%|[33mâ–ˆâ–Š        [0m| 27/150 [18:54:21<70:08:15, 2052.81s/it]
Volume_of_grey_matter_normalised_for_head_size:  19%|[33mâ–ˆâ–Š        [0m| 28/150 [19:26:16<68:09:43, 2011.34s/it]
Total_volume_of_white_matter_hyperintensities_from_T1_and_T2_FLAIR_images:  19%|[33mâ–ˆâ–Š        [0m| 28/150 [19:26:16<68:09:43, 2011.34s/it]
Total_volume_of_white_matter_hyperintensities_from_T1_and_T2_FLAIR_images:  19%|[33mâ–ˆâ–‰        [0m| 29/150 [19:58:08<66:36:00, 1981.50s/it]
Alcohol_intake_frequency:  19%|[33mâ–ˆâ–‰        [0m| 29/150 [19:58:08<66:36:00, 1981.50s/it]                                                 
Alcohol_intake_frequency:  20%|[33mâ–ˆâ–ˆ        [0m| 30/150 [20:30:10<65:27:06, 1963.55s/it]
Average_weekly_red_wine_intake:  20%|[33mâ–ˆâ–ˆ        [0m| 30/150 [20:30:10<65:27:06, 1963.55s/it]
Average_weekly_red_wine_intake:  21%|[33mâ–ˆâ–ˆ        [0m| 31/150 [21:02:10<64:28:29, 1950.50s/it]
Average_weekly_champagne_plus_white_wine_intake:  21%|[33mâ–ˆâ–ˆ        [0m| 31/150 [21:02:10<64:28:29, 1950.50s/it]
Average_weekly_champagne_plus_white_wine_intake:  21%|[33mâ–ˆâ–ˆâ–       [0m| 32/150 [21:34:08<63:37:19, 1941.01s/it]
Average_weekly_beer_plus_cider_intake:  21%|[33mâ–ˆâ–ˆâ–       [0m| 32/150 [21:34:08<63:37:19, 1941.01s/it]          
Average_weekly_beer_plus_cider_intake:  22%|[33mâ–ˆâ–ˆâ–       [0m| 33/150 [22:06:15<62:56:19, 1936.58s/it]
Average_weekly_spirits_intake:  22%|[33mâ–ˆâ–ˆâ–       [0m| 33/150 [22:06:15<62:56:19, 1936.58s/it]        
Average_weekly_spirits_intake:  23%|[33mâ–ˆâ–ˆâ–Ž       [0m| 34/150 [22:38:21<62:17:58, 1933.43s/it]
Average_weekly_fortified_wine_intake:  23%|[33mâ–ˆâ–ˆâ–Ž       [0m| 34/150 [22:38:21<62:17:58, 1933.43s/it]
Average_weekly_fortified_wine_intake:  23%|[33mâ–ˆâ–ˆâ–Ž       [0m| 35/150 [23:10:18<61:36:33, 1928.64s/it]
Alcohol_drinker_status:  23%|[33mâ–ˆâ–ˆâ–Ž       [0m| 35/150 [23:10:18<61:36:33, 1928.64s/it]              
Alcohol_drinker_status:  24%|[33mâ–ˆâ–ˆâ–       [0m| 36/150 [24:04:47<73:48:17, 2330.68s/it]
Pulse_wave_reflection_index:  24%|[33mâ–ˆâ–ˆâ–       [0m| 36/150 [24:04:47<73:48:17, 2330.68s/it]
Pulse_wave_reflection_index:  25%|[33mâ–ˆâ–ˆâ–       [0m| 37/150 [24:36:43<69:15:03, 2206.22s/it]
Pulse_wave_peak_to_peak_time:  25%|[33mâ–ˆâ–ˆâ–       [0m| 37/150 [24:36:43<69:15:03, 2206.22s/it]
Pulse_wave_peak_to_peak_time:  25%|[33mâ–ˆâ–ˆâ–Œ       [0m| 38/150 [25:08:28<65:49:55, 2116.03s/it]
Pulse_wave_Arterial_Stiffness_index:  25%|[33mâ–ˆâ–ˆâ–Œ       [0m| 38/150 [25:08:28<65:49:55, 2116.03s/it]
Pulse_wave_Arterial_Stiffness_index:  26%|[33mâ–ˆâ–ˆâ–Œ       [0m| 39/150 [25:40:05<63:12:50, 2050.18s/it]
Cholesterol:  26%|[33mâ–ˆâ–ˆâ–Œ       [0m| 39/150 [25:40:05<63:12:50, 2050.18s/it]                        
Cholesterol:  27%|[33mâ–ˆâ–ˆâ–‹       [0m| 40/150 [26:11:47<61:17:03, 2005.67s/it]
Glucose:  27%|[33mâ–ˆâ–ˆâ–‹       [0m| 40/150 [26:11:47<61:17:03, 2005.67s/it]    
Glucose:  27%|[33mâ–ˆâ–ˆâ–‹       [0m| 41/150 [26:43:23<59:43:55, 1972.80s/it]
Glycated_haemoglobin_HbA1c:  27%|[33mâ–ˆâ–ˆâ–‹       [0m| 41/150 [26:43:23<59:43:55, 1972.80s/it]
Glycated_haemoglobin_HbA1c:  28%|[33mâ–ˆâ–ˆâ–Š       [0m| 42/150 [27:14:58<58:29:03, 1949.48s/it]
HDL_cholesterol:  28%|[33mâ–ˆâ–ˆâ–Š       [0m| 42/150 [27:14:58<58:29:03, 1949.48s/it]           
HDL_cholesterol:  29%|[33mâ–ˆâ–ˆâ–Š       [0m| 43/150 [27:46:39<57:30:41, 1934.97s/it]
LDL_direct:  29%|[33mâ–ˆâ–ˆâ–Š       [0m| 43/150 [27:46:39<57:30:41, 1934.97s/it]     
LDL_direct:  29%|[33mâ–ˆâ–ˆâ–‰       [0m| 44/150 [28:18:14<56:37:30, 1923.12s/it]
Triglycerides:  29%|[33mâ–ˆâ–ˆâ–‰       [0m| 44/150 [28:18:14<56:37:30, 1923.12s/it]
Triglycerides:  30%|[33mâ–ˆâ–ˆâ–ˆ       [0m| 45/150 [28:49:57<55:54:27, 1916.83s/it]
Pulse_rate_automated_reading:  30%|[33mâ–ˆâ–ˆâ–ˆ       [0m| 45/150 [28:49:57<55:54:27, 1916.83s/it]
Pulse_rate_automated_reading:  31%|[33mâ–ˆâ–ˆâ–ˆ       [0m| 46/150 [29:21:35<55:12:49, 1911.25s/it]
Diastolic_blood_pressure_automated_reading:  31%|[33mâ–ˆâ–ˆâ–ˆ       [0m| 46/150 [29:21:35<55:12:49, 1911.25s/it]
Diastolic_blood_pressure_automated_reading:  31%|[33mâ–ˆâ–ˆâ–ˆâ–      [0m| 47/150 [29:53:15<54:35:04, 1907.81s/it]
Systolic_blood_pressure_automated_reading:  31%|[33mâ–ˆâ–ˆâ–ˆâ–      [0m| 47/150 [29:53:15<54:35:04, 1907.81s/it] 
Systolic_blood_pressure_automated_reading:  32%|[33mâ–ˆâ–ˆâ–ˆâ–      [0m| 48/150 [30:24:48<53:55:58, 1903.51s/it]
Cancer_diagnosed_by_doctor:  32%|[33mâ–ˆâ–ˆâ–ˆâ–      [0m| 48/150 [30:24:48<53:55:58, 1903.51s/it]               
Cancer_diagnosed_by_doctor:  33%|[33mâ–ˆâ–ˆâ–ˆâ–Ž      [0m| 49/150 [31:18:13<64:21:19, 2293.86s/it]
Minimum_carotid_IMT_intima_medial_thickness_at_120_degrees:  33%|[33mâ–ˆâ–ˆâ–ˆâ–Ž      [0m| 49/150 [31:18:13<64:21:19, 2293.86s/it]
Minimum_carotid_IMT_intima_medial_thickness_at_120_degrees:  33%|[33mâ–ˆâ–ˆâ–ˆâ–Ž      [0m| 50/150 [31:49:58<60:28:33, 2177.13s/it]
Mean_carotid_IMT_intima_medial_thickness_at_120_degrees:  33%|[33mâ–ˆâ–ˆâ–ˆâ–Ž      [0m| 50/150 [31:49:58<60:28:33, 2177.13s/it]   
Mean_carotid_IMT_intima_medial_thickness_at_120_degrees:  34%|[33mâ–ˆâ–ˆâ–ˆâ–      [0m| 51/150 [32:21:35<57:33:49, 2093.23s/it]
Maximum_carotid_IMT_intima_medial_thickness_at_120_degrees:  34%|[33mâ–ˆâ–ˆâ–ˆâ–      [0m| 51/150 [32:21:35<57:33:49, 2093.23s/it]
Maximum_carotid_IMT_intima_medial_thickness_at_120_degrees:  35%|[33mâ–ˆâ–ˆâ–ˆâ–      [0m| 52/150 [32:53:20<55:26:39, 2036.73s/it]
Minimum_carotid_IMT_intima_medial_thickness_at_150_degrees:  35%|[33mâ–ˆâ–ˆâ–ˆâ–      [0m| 52/150 [32:53:20<55:26:39, 2036.73s/it]
Minimum_carotid_IMT_intima_medial_thickness_at_150_degrees:  35%|[33mâ–ˆâ–ˆâ–ˆâ–Œ      [0m| 53/150 [33:25:04<53:48:18, 1996.89s/it]
Mean_carotid_IMT_intima_medial_thickness_at_150_degrees:  35%|[33mâ–ˆâ–ˆâ–ˆâ–Œ      [0m| 53/150 [33:25:04<53:48:18, 1996.89s/it]   
Mean_carotid_IMT_intima_medial_thickness_at_150_degrees:  36%|[33mâ–ˆâ–ˆâ–ˆâ–Œ      [0m| 54/150 [33:56:44<52:28:37, 1967.89s/it]
Maximum_carotid_IMT_intima_medial_thickness_at_150_degrees:  36%|[33mâ–ˆâ–ˆâ–ˆâ–Œ      [0m| 54/150 [33:56:44<52:28:37, 1967.89s/it]
Maximum_carotid_IMT_intima_medial_thickness_at_150_degrees:  37%|[33mâ–ˆâ–ˆâ–ˆâ–‹      [0m| 55/150 [34:28:26<51:24:20, 1948.01s/it]
Minimum_carotid_IMT_intima_medial_thickness_at_210_degrees:  37%|[33mâ–ˆâ–ˆâ–ˆâ–‹      [0m| 55/150 [34:28:26<51:24:20, 1948.01s/it]
Minimum_carotid_IMT_intima_medial_thickness_at_210_degrees:  37%|[33mâ–ˆâ–ˆâ–ˆâ–‹      [0m| 56/150 [35:00:06<50:29:33, 1933.76s/it]
Mean_carotid_IMT_intima_medial_thickness_at_210_degrees:  37%|[33mâ–ˆâ–ˆâ–ˆâ–‹      [0m| 56/150 [35:00:06<50:29:33, 1933.76s/it]   
Mean_carotid_IMT_intima_medial_thickness_at_210_degrees:  38%|[33mâ–ˆâ–ˆâ–ˆâ–Š      [0m| 57/150 [35:31:39<49:38:11, 1921.41s/it]
Maximum_carotid_IMT_intima_medial_thickness_at_210_degrees:  38%|[33mâ–ˆâ–ˆâ–ˆâ–Š      [0m| 57/150 [35:31:39<49:38:11, 1921.41s/it]
Maximum_carotid_IMT_intima_medial_thickness_at_210_degrees:  39%|[33mâ–ˆâ–ˆâ–ˆâ–Š      [0m| 58/150 [36:03:07<48:50:49, 1911.40s/it]
Minimum_carotid_IMT_intima_medial_thickness_at_240_degrees:  39%|[33mâ–ˆâ–ˆâ–ˆâ–Š      [0m| 58/150 [36:03:07<48:50:49, 1911.40s/it]
Minimum_carotid_IMT_intima_medial_thickness_at_240_degrees:  39%|[33mâ–ˆâ–ˆâ–ˆâ–‰      [0m| 59/150 [36:34:40<48:10:41, 1905.95s/it]
Mean_carotid_IMT_intima_medial_thickness_at_240_degrees:  39%|[33mâ–ˆâ–ˆâ–ˆâ–‰      [0m| 59/150 [36:34:40<48:10:41, 1905.95s/it]   
Mean_carotid_IMT_intima_medial_thickness_at_240_degrees:  40%|[33mâ–ˆâ–ˆâ–ˆâ–ˆ      [0m| 60/150 [37:06:19<47:35:55, 1903.95s/it]
Maximum_carotid_IMT_intima_medial_thickness_at_240_degrees:  40%|[33mâ–ˆâ–ˆâ–ˆâ–ˆ      [0m| 60/150 [37:06:19<47:35:55, 1903.95s/it]
Maximum_carotid_IMT_intima_medial_thickness_at_240_degrees:  41%|[33mâ–ˆâ–ˆâ–ˆâ–ˆ      [0m| 61/150 [37:37:55<47:00:29, 1901.46s/it]
Leg_pain_on_walking:  41%|[33mâ–ˆâ–ˆâ–ˆâ–ˆ      [0m| 61/150 [37:37:55<47:00:29, 1901.46s/it]                                       
Leg_pain_on_walking:  41%|[33mâ–ˆâ–ˆâ–ˆâ–ˆâ–     [0m| 62/150 [38:28:43<54:53:09, 2245.33s/it]
Vascular_heart_problems_diagnosed_by_doctor:  41%|[33mâ–ˆâ–ˆâ–ˆâ–ˆâ–     [0m| 62/150 [38:28:43<54:53:09, 2245.33s/it]
Vascular_heart_problems_diagnosed_by_doctor:  42%|[33mâ–ˆâ–ˆâ–ˆâ–ˆâ–     [0m| 63/150 [39:18:59<59:51:13, 2476.71s/it]
Diabetes_diagnosed_by_doctor:  42%|[33mâ–ˆâ–ˆâ–ˆâ–ˆâ–     [0m| 63/150 [39:18:59<59:51:13, 2476.71s/it]               
Diabetes_diagnosed_by_doctor:  43%|[33mâ–ˆâ–ˆâ–ˆâ–ˆâ–Ž     [0m| 64/150 [40:13:14<64:44:40, 2710.24s/it]
Cooked_vegetable_intake:  43%|[33mâ–ˆâ–ˆâ–ˆâ–ˆâ–Ž     [0m| 64/150 [40:13:14<64:44:40, 2710.24s/it]     
Cooked_vegetable_intake:  43%|[33mâ–ˆâ–ˆâ–ˆâ–ˆâ–Ž     [0m| 65/150 [40:44:49<58:13:01, 2465.67s/it]
Salad_or_raw_vegetable_intake:  43%|[33mâ–ˆâ–ˆâ–ˆâ–ˆâ–Ž     [0m| 65/150 [40:44:49<58:13:01, 2465.67s/it]
Salad_or_raw_vegetable_intake:  44%|[33mâ–ˆâ–ˆâ–ˆâ–ˆâ–     [0m| 66/150 [41:16:28<53:33:40, 2295.48s/it]
Fresh_fruit_intake:  44%|[33mâ–ˆâ–ˆâ–ˆâ–ˆâ–     [0m| 66/150 [41:16:28<53:33:40, 2295.48s/it]           
Fresh_fruit_intake:  45%|[33mâ–ˆâ–ˆâ–ˆâ–ˆâ–     [0m| 67/150 [41:47:57<50:06:59, 2173.72s/it]
Dried_fruit_intake:  45%|[33mâ–ˆâ–ˆâ–ˆâ–ˆâ–     [0m| 67/150 [41:47:57<50:06:59, 2173.72s/it]
Dried_fruit_intake:  45%|[33mâ–ˆâ–ˆâ–ˆâ–ˆâ–Œ     [0m| 68/150 [42:19:31<47:35:56, 2089.71s/it]
Oily_fish_intake:  45%|[33mâ–ˆâ–ˆâ–ˆâ–ˆâ–Œ     [0m| 68/150 [42:19:31<47:35:56, 2089.71s/it]  