/var/spool/slurmd/job13326/slurm_script: line 17: nvidia-smi: command not found

Multivariate analysis for model = test/UKB
Importing outputs/test/UKB/config.cfg...
  0%|[33m          [0m| 0/149 [00:00<?, ?it/s]
Volumetric_scaling_from_T1_head_image_to_standard_space:   0%|[33m          [0m| 0/149 [00:00<?, ?it/s]
Volumetric_scaling_from_T1_head_image_to_standard_space:   1%|[33m          [0m| 1/149 [49:17<121:35:52, 2957.79s/it]
APOE:   1%|[33m          [0m| 1/149 [49:17<121:35:52, 2957.79s/it]                                                   
APOE:   1%|[33mâ–         [0m| 2/149 [1:55:36<145:17:46, 3558.28s/it]
DISC1:   1%|[33mâ–         [0m| 2/149 [1:55:36<145:17:46, 3558.28s/it]
DISC1:   2%|[33mâ–         [0m| 3/149 [2:40:40<128:29:53, 3168.45s/it]
MTHFR:   2%|[33mâ–         [0m| 3/149 [2:40:40<128:29:53, 3168.45s/it]
MTHFR:   3%|[33mâ–Ž         [0m| 4/149 [3:19:13<114:00:43, 2830.65s/it]
CR1:   3%|[33mâ–Ž         [0m| 4/149 [3:19:13<114:00:43, 2830.65s/it]  
CR1:   3%|[33mâ–Ž         [0m| 5/149 [4:19:39<124:41:45, 3117.40s/it]
BIN1:   3%|[33mâ–Ž         [0m| 5/149 [4:19:39<124:41:45, 3117.40s/it]
BIN1:   4%|[33mâ–         [0m| 6/149 [5:25:17<134:54:59, 3396.50s/it]
ZNF804A:   4%|[33mâ–         [0m| 6/149 [5:25:17<134:54:59, 3396.50s/it]
ZNF804A:   5%|[33mâ–         [0m| 7/149 [5:48:26<108:04:49, 2740.07s/it]
TRANK1:   5%|[33mâ–         [0m| 7/149 [5:48:26<108:04:49, 2740.07s/it] 
TRANK1:   5%|[33mâ–Œ         [0m| 8/149 [6:07:25<87:21:26, 2230.40s/it] 
SNCA:   5%|[33mâ–Œ         [0m| 8/149 [6:07:25<87:21:26, 2230.40s/it]  
SNCA:   6%|[33mâ–Œ         [0m| 9/149 [6:29:28<75:41:58, 1946.56s/it]
IL7R:   6%|[33mâ–Œ         [0m| 9/149 [6:29:28<75:41:58, 1946.56s/it]
IL7R:   7%|[33mâ–‹         [0m| 10/149 [6:53:34<69:12:13, 1792.33s/it]
PRKN:   7%|[33mâ–‹         [0m| 10/149 [6:53:34<69:12:13, 1792.33s/it]
PRKN:   7%|[33mâ–‹         [0m| 11/149 [7:22:11<67:48:55, 1769.09s/it]
HLA-DRB1:   7%|[33mâ–‹         [0m| 11/149 [7:22:11<67:48:55, 1769.09s/it]
HLA-DRB1:   8%|[33mâ–Š         [0m| 12/149 [7:38:50<58:24:32, 1534.83s/it]
NRG1:   8%|[33mâ–Š         [0m| 12/149 [7:38:50<58:24:32, 1534.83s/it]    
NRG1:   9%|[33mâ–Š         [0m| 13/149 [7:52:29<49:47:36, 1318.07s/it]
CLU:   9%|[33mâ–Š         [0m| 13/149 [7:52:29<49:47:36, 1318.07s/it] 
CLU:   9%|[33mâ–‰         [0m| 14/149 [8:06:02<43:42:17, 1165.46s/it]
ANK3:   9%|[33mâ–‰         [0m| 14/149 [8:06:02<43:42:17, 1165.46s/it]
ANK3:  10%|[33mâ–ˆ         [0m| 15/149 [8:23:59<42:23:19, 1138.80s/it]
IL2RA:  10%|[33mâ–ˆ         [0m| 15/149 [8:23:59<42:23:19, 1138.80s/it]
IL2RA:  11%|[33mâ–ˆ         [0m| 16/149 [8:38:48<39:17:27, 1063.52s/it]
PICALM:  11%|[33mâ–ˆ         [0m| 16/149 [8:38:48<39:17:27, 1063.52s/it]
PICALM:  11%|[33mâ–ˆâ–        [0m| 17/149 [8:52:24<36:16:17, 989.22s/it] 
SORL1:  11%|[33mâ–ˆâ–        [0m| 17/149 [8:52:24<36:16:17, 989.22s/it] 
SORL1:  12%|[33mâ–ˆâ–        [0m| 18/149 [9:06:03<34:08:00, 938.02s/it]
LRRK2:  12%|[33mâ–ˆâ–        [0m| 18/149 [9:06:03<34:08:00, 938.02s/it]
LRRK2:  13%|[33mâ–ˆâ–Ž        [0m| 19/149 [9:24:49<35:54:40, 994.47s/it]
CACNA1C:  13%|[33mâ–ˆâ–Ž        [0m| 19/149 [9:24:49<35:54:40, 994.47s/it]
CACNA1C:  13%|[33mâ–ˆâ–Ž        [0m| 20/149 [9:38:42<33:53:58, 946.04s/it]
TCF4:  13%|[33mâ–ˆâ–Ž        [0m| 20/149 [9:38:42<33:53:58, 946.04s/it]   
TCF4:  14%|[33mâ–ˆâ–        [0m| 21/149 [9:56:44<35:04:56, 986.69s/it]
CD33:  14%|[33mâ–ˆâ–        [0m| 21/149 [9:56:44<35:04:56, 986.69s/it]
CD33:  15%|[33mâ–ˆâ–        [0m| 22/149 [10:10:43<33:15:01, 942.53s/it]
Volume_of_brain_grey_white_matter:  15%|[33mâ–ˆâ–        [0m| 22/149 [10:10:43<33:15:01, 942.53s/it]
Volume_of_brain_grey_white_matter:  15%|[33mâ–ˆâ–Œ        [0m| 23/149 [10:20:53<29:29:54, 842.81s/it]
Volume_of_brain_grey_white_matter_normalised_for_head_size:  15%|[33mâ–ˆâ–Œ        [0m| 23/149 [10:20:53<29:29:54, 842.81s/it]
Volume_of_brain_grey_white_matter_normalised_for_head_size:  16%|[33mâ–ˆâ–Œ        [0m| 24/149 [10:31:01<26:48:56, 772.29s/it]
Volume_of_white_matter:  16%|[33mâ–ˆâ–Œ        [0m| 24/149 [10:31:01<26:48:56, 772.29s/it]                                    
Volume_of_white_matter:  17%|[33mâ–ˆâ–‹        [0m| 25/149 [10:41:09<24:53:55, 722.86s/it]
Volume_of_white_matter_normalised_for_head_size:  17%|[33mâ–ˆâ–‹        [0m| 25/149 [10:41:09<24:53:55, 722.86s/it]
Volume_of_white_matter_normalised_for_head_size:  17%|[33mâ–ˆâ–‹        [0m| 26/149 [10:51:20<23:33:27, 689.49s/it]
Volume_of_grey_matter:  17%|[33mâ–ˆâ–‹        [0m| 26/149 [10:51:20<23:33:27, 689.49s/it]                          
Volume_of_grey_matter:  18%|[33mâ–ˆâ–Š        [0m| 27/149 [11:01:33<22:34:50, 666.31s/it]
Volume_of_grey_matter_normalised_for_head_size:  18%|[33mâ–ˆâ–Š        [0m| 27/149 [11:01:33<22:34:50, 666.31s/it]
Volume_of_grey_matter_normalised_for_head_size:  19%|[33mâ–ˆâ–‰        [0m| 28/149 [11:11:49<21:53:33, 651.35s/it]
Total_volume_of_white_matter_hyperintensities_from_T1_and_T2_FLAIR_images:  19%|[33mâ–ˆâ–‰        [0m| 28/149 [11:11:49<21:53:33, 651.35s/it]
Total_volume_of_white_matter_hyperintensities_from_T1_and_T2_FLAIR_images:  19%|[33mâ–ˆâ–‰        [0m| 29/149 [11:21:58<21:17:31, 638.76s/it]
Alcohol_intake_frequency:  19%|[33mâ–ˆâ–‰        [0m| 29/149 [11:21:58<21:17:31, 638.76s/it]                                                 
Alcohol_intake_frequency:  20%|[33mâ–ˆâ–ˆ        [0m| 30/149 [11:32:08<20:49:42, 630.10s/it]
Average_weekly_red_wine_intake:  20%|[33mâ–ˆâ–ˆ        [0m| 30/149 [11:32:08<20:49:42, 630.10s/it]
Average_weekly_red_wine_intake:  21%|[33mâ–ˆâ–ˆ        [0m| 31/149 [11:42:25<20:31:31, 626.20s/it]
Average_weekly_champagne_plus_white_wine_intake:  21%|[33mâ–ˆâ–ˆ        [0m| 31/149 [11:42:25<20:31:31, 626.20s/it]
Average_weekly_champagne_plus_white_wine_intake:  21%|[33mâ–ˆâ–ˆâ–       [0m| 32/149 [11:52:35<20:11:30, 621.29s/it]
Average_weekly_beer_plus_cider_intake:  21%|[33mâ–ˆâ–ˆâ–       [0m| 32/149 [11:52:35<20:11:30, 621.29s/it]          
Average_weekly_beer_plus_cider_intake:  22%|[33mâ–ˆâ–ˆâ–       [0m| 33/149 [12:02:48<19:56:23, 618.82s/it]
Average_weekly_spirits_intake:  22%|[33mâ–ˆâ–ˆâ–       [0m| 33/149 [12:02:48<19:56:23, 618.82s/it]        
Average_weekly_spirits_intake:  23%|[33mâ–ˆâ–ˆâ–Ž       [0m| 34/149 [12:13:01<19:42:43, 617.07s/it]
Average_weekly_fortified_wine_intake:  23%|[33mâ–ˆâ–ˆâ–Ž       [0m| 34/149 [12:13:01<19:42:43, 617.07s/it]
Average_weekly_fortified_wine_intake:  23%|[33mâ–ˆâ–ˆâ–Ž       [0m| 35/149 [12:23:11<19:27:57, 614.72s/it]
Alcohol_drinker_status:  23%|[33mâ–ˆâ–ˆâ–Ž       [0m| 35/149 [12:23:11<19:27:57, 614.72s/it]              
Alcohol_drinker_status:  24%|[33mâ–ˆâ–ˆâ–       [0m| 36/149 [12:41:40<23:57:04, 763.05s/it]
Pulse_wave_reflection_index:  24%|[33mâ–ˆâ–ˆâ–       [0m| 36/149 [12:41:40<23:57:04, 763.05s/it]
Pulse_wave_reflection_index:  25%|[33mâ–ˆâ–ˆâ–       [0m| 37/149 [12:51:46<22:16:28, 715.97s/it]
Pulse_wave_peak_to_peak_time:  25%|[33mâ–ˆâ–ˆâ–       [0m| 37/149 [12:51:46<22:16:28, 715.97s/it]
Pulse_wave_peak_to_peak_time:  26%|[33mâ–ˆâ–ˆâ–Œ       [0m| 38/149 [13:01:55<21:05:08, 683.86s/it]
Pulse_wave_Arterial_Stiffness_index:  26%|[33mâ–ˆâ–ˆâ–Œ       [0m| 38/149 [13:01:55<21:05:08, 683.86s/it]
Pulse_wave_Arterial_Stiffness_index:  26%|[33mâ–ˆâ–ˆâ–Œ       [0m| 39/149 [13:12:04<20:12:34, 661.41s/it]
Cholesterol:  26%|[33mâ–ˆâ–ˆâ–Œ       [0m| 39/149 [13:12:04<20:12:34, 661.41s/it]                        
Cholesterol:  27%|[33mâ–ˆâ–ˆâ–‹       [0m| 40/149 [13:22:13<19:33:14, 645.82s/it]
Glucose:  27%|[33mâ–ˆâ–ˆâ–‹       [0m| 40/149 [13:22:13<19:33:14, 645.82s/it]    
Glucose:  28%|[33mâ–ˆâ–ˆâ–Š       [0m| 41/149 [13:32:21<19:01:51, 634.37s/it]
Glycated_haemoglobin_HbA1c:  28%|[33mâ–ˆâ–ˆâ–Š       [0m| 41/149 [13:32:21<19:01:51, 634.37s/it]
Glycated_haemoglobin_HbA1c:  28%|[33mâ–ˆâ–ˆâ–Š       [0m| 42/149 [13:42:29<18:37:01, 626.37s/it]
HDL_cholesterol:  28%|[33mâ–ˆâ–ˆâ–Š       [0m| 42/149 [13:42:29<18:37:01, 626.37s/it]           
HDL_cholesterol:  29%|[33mâ–ˆâ–ˆâ–‰       [0m| 43/149 [13:52:36<18:16:39, 620.75s/it]
LDL_direct:  29%|[33mâ–ˆâ–ˆâ–‰       [0m| 43/149 [13:52:36<18:16:39, 620.75s/it]     
LDL_direct:  30%|[33mâ–ˆâ–ˆâ–‰       [0m| 44/149 [14:02:45<17:59:55, 617.10s/it]
Triglycerides:  30%|[33mâ–ˆâ–ˆâ–‰       [0m| 44/149 [14:02:45<17:59:55, 617.10s/it]
Triglycerides:  30%|[33mâ–ˆâ–ˆâ–ˆ       [0m| 45/149 [14:12:54<17:45:38, 614.79s/it]
Pulse_rate_automated_reading:  30%|[33mâ–ˆâ–ˆâ–ˆ       [0m| 45/149 [14:12:54<17:45:38, 614.79s/it]
Pulse_rate_automated_reading:  31%|[33mâ–ˆâ–ˆâ–ˆ       [0m| 46/149 [14:23:01<17:31:26, 612.49s/it]
Diastolic_blood_pressure_automated_reading:  31%|[33mâ–ˆâ–ˆâ–ˆ       [0m| 46/149 [14:23:01<17:31:26, 612.49s/it]
Diastolic_blood_pressure_automated_reading:  32%|[33mâ–ˆâ–ˆâ–ˆâ–      [0m| 47/149 [15:07:04<34:36:46, 1221.63s/it]
Systolic_blood_pressure_automated_reading:  32%|[33mâ–ˆâ–ˆâ–ˆâ–      [0m| 47/149 [15:07:04<34:36:46, 1221.63s/it] 
Systolic_blood_pressure_automated_reading:  32%|[33mâ–ˆâ–ˆâ–ˆâ–      [0m| 48/149 [16:15:43<58:39:33, 2090.83s/it]
Cancer_diagnosed_by_doctor:  32%|[33mâ–ˆâ–ˆâ–ˆâ–      [0m| 48/149 [16:15:43<58:39:33, 2090.83s/it]               
Cancer_diagnosed_by_doctor:  33%|[33mâ–ˆâ–ˆâ–ˆâ–Ž      [0m| 49/149 [18:22:10<103:52:27, 3739.47s/it]
Minimum_carotid_IMT_intima_medial_thickness_at_120_degrees:  33%|[33mâ–ˆâ–ˆâ–ˆâ–Ž      [0m| 49/149 [18:22:10<103:52:27, 3739.47s/it]
Minimum_carotid_IMT_intima_medial_thickness_at_120_degrees:  34%|[33mâ–ˆâ–ˆâ–ˆâ–Ž      [0m| 50/149 [19:20:24<100:48:37, 3665.83s/it]
Mean_carotid_IMT_intima_medial_thickness_at_120_degrees:  34%|[33mâ–ˆâ–ˆâ–ˆâ–Ž      [0m| 50/149 [19:20:24<100:48:37, 3665.83s/it]   
Mean_carotid_IMT_intima_medial_thickness_at_120_degrees:  34%|[33mâ–ˆâ–ˆâ–ˆâ–      [0m| 51/149 [20:18:30<98:19:50, 3612.15s/it] 
Maximum_carotid_IMT_intima_medial_thickness_at_120_degrees:  34%|[33mâ–ˆâ–ˆâ–ˆâ–      [0m| 51/149 [20:18:30<98:19:50, 3612.15s/it]
Maximum_carotid_IMT_intima_medial_thickness_at_120_degrees:  35%|[33mâ–ˆâ–ˆâ–ˆâ–      [0m| 52/149 [21:13:50<94:57:41, 3524.34s/it]
Minimum_carotid_IMT_intima_medial_thickness_at_150_degrees:  35%|[33mâ–ˆâ–ˆâ–ˆâ–      [0m| 52/149 [21:13:50<94:57:41, 3524.34s/it]
Minimum_carotid_IMT_intima_medial_thickness_at_150_degrees:  36%|[33mâ–ˆâ–ˆâ–ˆâ–Œ      [0m| 53/149 [23:24:57<128:43:39, 4827.29s/it]
Mean_carotid_IMT_intima_medial_thickness_at_150_degrees:  36%|[33mâ–ˆâ–ˆâ–ˆâ–Œ      [0m| 53/149 [23:24:57<128:43:39, 4827.29s/it]   slurmstepd-secure-2: error: *** JOB 13326 ON secure-2 CANCELLED AT 2023-06-17T19:41:56 DUE TO TIME LIMIT ***
