Processing model = UNet/UNet_UKB_segm
Importing outputs/UNet/UNet_UKB_segm/config.cfg...
  0%|[33m          [0m| 0/150 [00:00<?, ?it/s]
Volumetric_scaling_from_T1_head_image_to_standard_space:   0%|[33m          [0m| 0/150 [00:00<?, ?it/s]
Volumetric_scaling_from_T1_head_image_to_standard_space:   1%|[33m          [0m| 1/150 [02:28<6:09:25, 148.76s/it]
APOE:   1%|[33m          [0m| 1/150 [02:28<6:09:25, 148.76s/it]                                                   
APOE:   1%|[33mâ–         [0m| 2/150 [06:21<8:09:27, 198.43s/it]
DISC1:   1%|[33mâ–         [0m| 2/150 [06:22<8:09:27, 198.43s/it]
DISC1:   2%|[33mâ–         [0m| 3/150 [10:57<9:32:27, 233.66s/it]
MTHFR:   2%|[33mâ–         [0m| 3/150 [10:57<9:32:27, 233.66s/it]
MTHFR:   3%|[33mâ–Ž         [0m| 4/150 [14:37<9:15:26, 228.27s/it]
CR1:   3%|[33mâ–Ž         [0m| 4/150 [14:37<9:15:26, 228.27s/it]  
CR1:   3%|[33mâ–Ž         [0m| 5/150 [18:59<9:40:41, 240.28s/it]
BIN1:   3%|[33mâ–Ž         [0m| 5/150 [18:59<9:40:41, 240.28s/it]
BIN1:   4%|[33mâ–         [0m| 6/150 [22:51<9:30:25, 237.68s/it]
ZNF804A:   4%|[33mâ–         [0m| 6/150 [22:51<9:30:25, 237.68s/it]
ZNF804A:   5%|[33mâ–         [0m| 7/150 [26:29<9:11:12, 231.28s/it]
TRANK1:   5%|[33mâ–         [0m| 7/150 [26:29<9:11:12, 231.28s/it] 
TRANK1:   5%|[33mâ–Œ         [0m| 8/150 [29:59<8:50:50, 224.30s/it]
SNCA:   5%|[33mâ–Œ         [0m| 8/150 [29:59<8:50:50, 224.30s/it]  
SNCA:   6%|[33mâ–Œ         [0m| 9/150 [33:45<8:48:32, 224.91s/it]
IL7R:   6%|[33mâ–Œ         [0m| 9/150 [33:45<8:48:32, 224.91s/it]
IL7R:   7%|[33mâ–‹         [0m| 10/150 [37:42<8:53:37, 228.69s/it]
PRKN:   7%|[33mâ–‹         [0m| 10/150 [37:42<8:53:37, 228.69s/it]
PRKN:   7%|[33mâ–‹         [0m| 11/150 [42:43<9:40:38, 250.64s/it]
HLA-DRB1:   7%|[33mâ–‹         [0m| 11/150 [42:43<9:40:38, 250.64s/it]
HLA-DRB1:   8%|[33mâ–Š         [0m| 12/150 [47:14<9:51:08, 257.02s/it]
NRG1:   8%|[33mâ–Š         [0m| 12/150 [47:14<9:51:08, 257.02s/it]    
NRG1:   9%|[33mâ–Š         [0m| 13/150 [50:52<9:19:45, 245.15s/it]
CLU:   9%|[33mâ–Š         [0m| 13/150 [50:52<9:19:45, 245.15s/it] 
CLU:   9%|[33mâ–‰         [0m| 14/150 [54:29<8:56:05, 236.51s/it]
ANK3:   9%|[33mâ–‰         [0m| 14/150 [54:29<8:56:05, 236.51s/it]
ANK3:  10%|[33mâ–ˆ         [0m| 15/150 [59:24<9:32:18, 254.36s/it]
IL2RA:  10%|[33mâ–ˆ         [0m| 15/150 [59:24<9:32:18, 254.36s/it]
IL2RA:  11%|[33mâ–ˆ         [0m| 16/150 [1:03:23<9:17:47, 249.76s/it]
PICALM:  11%|[33mâ–ˆ         [0m| 16/150 [1:03:23<9:17:47, 249.76s/it]
PICALM:  11%|[33mâ–ˆâ–        [0m| 17/150 [1:07:02<8:52:52, 240.40s/it]
SORL1:  11%|[33mâ–ˆâ–        [0m| 17/150 [1:07:02<8:52:52, 240.40s/it] 
SORL1:  12%|[33mâ–ˆâ–        [0m| 18/150 [1:10:40<8:34:21, 233.80s/it]
LRRK2:  12%|[33mâ–ˆâ–        [0m| 18/150 [1:10:40<8:34:21, 233.80s/it]
LRRK2:  13%|[33mâ–ˆâ–Ž        [0m| 19/150 [1:15:42<9:15:03, 254.22s/it]
CACNA1C:  13%|[33mâ–ˆâ–Ž        [0m| 19/150 [1:15:42<9:15:03, 254.22s/it]
CACNA1C:  13%|[33mâ–ˆâ–Ž        [0m| 20/150 [1:19:21<8:47:31, 243.47s/it]
TCF4:  13%|[33mâ–ˆâ–Ž        [0m| 20/150 [1:19:21<8:47:31, 243.47s/it]   
TCF4:  14%|[33mâ–ˆâ–        [0m| 21/150 [1:24:17<9:17:34, 259.34s/it]
CD33:  14%|[33mâ–ˆâ–        [0m| 21/150 [1:24:17<9:17:34, 259.34s/it]
CD33:  15%|[33mâ–ˆâ–        [0m| 22/150 [1:28:00<8:49:48, 248.35s/it]
Volume_of_brain_grey_white_matter:  15%|[33mâ–ˆâ–        [0m| 22/150 [1:28:00<8:49:48, 248.35s/it]
Volume_of_brain_grey_white_matter:  15%|[33mâ–ˆâ–Œ        [0m| 23/150 [1:30:25<7:40:08, 217.39s/it]
Volume_of_brain_grey_white_matter_normalised_for_head_size:  15%|[33mâ–ˆâ–Œ        [0m| 23/150 [1:30:25<7:40:08, 217.39s/it]
Volume_of_brain_grey_white_matter_normalised_for_head_size:  16%|[33mâ–ˆâ–Œ        [0m| 24/150 [1:32:50<6:50:53, 195.66s/it]
Volume_of_white_matter:  16%|[33mâ–ˆâ–Œ        [0m| 24/150 [1:32:50<6:50:53, 195.66s/it]                                    
Volume_of_white_matter:  17%|[33mâ–ˆâ–‹        [0m| 25/150 [1:35:15<6:15:58, 180.47s/it]
Volume_of_white_matter_normalised_for_head_size:  17%|[33mâ–ˆâ–‹        [0m| 25/150 [1:35:15<6:15:58, 180.47s/it]
Volume_of_white_matter_normalised_for_head_size:  17%|[33mâ–ˆâ–‹        [0m| 26/150 [1:37:41<5:51:23, 170.03s/it]
Volume_of_grey_matter:  17%|[33mâ–ˆâ–‹        [0m| 26/150 [1:37:41<5:51:23, 170.03s/it]                          
Volume_of_grey_matter:  18%|[33mâ–ˆâ–Š        [0m| 27/150 [1:40:05<5:33:08, 162.51s/it]
Volume_of_grey_matter_normalised_for_head_size:  18%|[33mâ–ˆâ–Š        [0m| 27/150 [1:40:05<5:33:08, 162.51s/it]
Volume_of_grey_matter_normalised_for_head_size:  19%|[33mâ–ˆâ–Š        [0m| 28/150 [1:42:30<5:19:44, 157.25s/it]
Total_volume_of_white_matter_hyperintensities_from_T1_and_T2_FLAIR_images:  19%|[33mâ–ˆâ–Š        [0m| 28/150 [1:42:30<5:19:44, 157.25s/it]
Total_volume_of_white_matter_hyperintensities_from_T1_and_T2_FLAIR_images:  19%|[33mâ–ˆâ–‰        [0m| 29/150 [1:44:55<5:09:32, 153.49s/it]
Alcohol_intake_frequency:  19%|[33mâ–ˆâ–‰        [0m| 29/150 [1:44:55<5:09:32, 153.49s/it]                                                 
Alcohol_intake_frequency:  20%|[33mâ–ˆâ–ˆ        [0m| 30/150 [1:47:20<5:01:40, 150.84s/it]
Average_weekly_red_wine_intake:  20%|[33mâ–ˆâ–ˆ        [0m| 30/150 [1:47:20<5:01:40, 150.84s/it]
Average_weekly_red_wine_intake:  21%|[33mâ–ˆâ–ˆ        [0m| 31/150 [1:49:45<4:55:39, 149.07s/it]
Average_weekly_champagne_plus_white_wine_intake:  21%|[33mâ–ˆâ–ˆ        [0m| 31/150 [1:49:45<4:55:39, 149.07s/it]
Average_weekly_champagne_plus_white_wine_intake:  21%|[33mâ–ˆâ–ˆâ–       [0m| 32/150 [1:52:10<4:50:44, 147.83s/it]
Average_weekly_beer_plus_cider_intake:  21%|[33mâ–ˆâ–ˆâ–       [0m| 32/150 [1:52:10<4:50:44, 147.83s/it]          
Average_weekly_beer_plus_cider_intake:  22%|[33mâ–ˆâ–ˆâ–       [0m| 33/150 [1:54:34<4:46:28, 146.91s/it]
Average_weekly_spirits_intake:  22%|[33mâ–ˆâ–ˆâ–       [0m| 33/150 [1:54:34<4:46:28, 146.91s/it]        
Average_weekly_spirits_intake:  23%|[33mâ–ˆâ–ˆâ–Ž       [0m| 34/150 [1:57:00<4:42:58, 146.37s/it]
Average_weekly_fortified_wine_intake:  23%|[33mâ–ˆâ–ˆâ–Ž       [0m| 34/150 [1:57:00<4:42:58, 146.37s/it]
Average_weekly_fortified_wine_intake:  23%|[33mâ–ˆâ–ˆâ–Ž       [0m| 35/150 [1:59:24<4:39:34, 145.87s/it]
Alcohol_drinker_status:  23%|[33mâ–ˆâ–ˆâ–Ž       [0m| 35/150 [1:59:24<4:39:34, 145.87s/it]              
Alcohol_drinker_status:  24%|[33mâ–ˆâ–ˆâ–       [0m| 36/150 [2:04:28<6:07:06, 193.21s/it]
Pulse_wave_reflection_index:  24%|[33mâ–ˆâ–ˆâ–       [0m| 36/150 [2:04:28<6:07:06, 193.21s/it]
Pulse_wave_reflection_index:  25%|[33mâ–ˆâ–ˆâ–       [0m| 37/150 [2:06:52<5:36:23, 178.61s/it]
Pulse_wave_peak_to_peak_time:  25%|[33mâ–ˆâ–ˆâ–       [0m| 37/150 [2:06:52<5:36:23, 178.61s/it]
Pulse_wave_peak_to_peak_time:  25%|[33mâ–ˆâ–ˆâ–Œ       [0m| 38/150 [2:09:17<5:14:31, 168.50s/it]
Pulse_wave_Arterial_Stiffness_index:  25%|[33mâ–ˆâ–ˆâ–Œ       [0m| 38/150 [2:09:17<5:14:31, 168.50s/it]
Pulse_wave_Arterial_Stiffness_index:  26%|[33mâ–ˆâ–ˆâ–Œ       [0m| 39/150 [2:11:42<4:58:30, 161.35s/it]
Cholesterol:  26%|[33mâ–ˆâ–ˆâ–Œ       [0m| 39/150 [2:11:42<4:58:30, 161.35s/it]                        
Cholesterol:  27%|[33mâ–ˆâ–ˆâ–‹       [0m| 40/150 [2:14:07<4:46:50, 156.46s/it]
Glucose:  27%|[33mâ–ˆâ–ˆâ–‹       [0m| 40/150 [2:14:07<4:46:50, 156.46s/it]    
Glucose:  27%|[33mâ–ˆâ–ˆâ–‹       [0m| 41/150 [2:16:32<4:37:42, 152.86s/it]
Glycated_haemoglobin_HbA1c:  27%|[33mâ–ˆâ–ˆâ–‹       [0m| 41/150 [2:16:32<4:37:42, 152.86s/it]