GPU 0: Tesla P100-PCIE-16GB (UUID: GPU-87ffb7a7-68b3-b5e7-6d01-185b501c8073)

[1;34mExtracting features = test/TCGA[0m

[1;34mMultivariate analysis for model = test/TCGA[0m
Importing outputs/test/TCGA/config.cfg...
  0%|[33m          [0m| 0/9 [00:00<?, ?it/s]
Chr_19_20_co_gain:   0%|[33m          [0m| 0/9 [00:00<?, ?it/s]
Chr_19_20_co_gain:  11%|[33mâ–ˆ         [0m| 1/9 [00:09<01:12,  9.05s/it]
MGMT_promoter_status:  11%|[33mâ–ˆ         [0m| 1/9 [00:09<01:12,  9.05s/it]
MGMT_promoter_status:  22%|[33mâ–ˆâ–ˆâ–       [0m| 2/9 [00:14<00:50,  7.18s/it]
IDH_glob_bin:  22%|[33mâ–ˆâ–ˆâ–       [0m| 2/9 [00:14<00:50,  7.18s/it]        
IDH_glob_bin:  33%|[33mâ–ˆâ–ˆâ–ˆâ–Ž      [0m| 3/9 [00:22<00:43,  7.17s/it]
CDKN2A_bin:  33%|[33mâ–ˆâ–ˆâ–ˆâ–Ž      [0m| 3/9 [00:22<00:43,  7.17s/it]  
CDKN2A_bin:  44%|[33mâ–ˆâ–ˆâ–ˆâ–ˆâ–     [0m| 4/9 [00:28<00:33,  6.75s/it]
IDH1_bin:  44%|[33mâ–ˆâ–ˆâ–ˆâ–ˆâ–     [0m| 4/9 [00:28<00:33,  6.75s/it]  
IDH1_bin:  56%|[33mâ–ˆâ–ˆâ–ˆâ–ˆâ–ˆâ–Œ    [0m| 5/9 [00:35<00:27,  6.83s/it]
death:  56%|[33mâ–ˆâ–ˆâ–ˆâ–ˆâ–ˆâ–Œ    [0m| 5/9 [00:35<00:27,  6.83s/it]   
death:  67%|[33mâ–ˆâ–ˆâ–ˆâ–ˆâ–ˆâ–ˆâ–‹   [0m| 6/9 [02:25<02:06, 42.06s/it]
Gender:  67%|[33mâ–ˆâ–ˆâ–ˆâ–ˆâ–ˆâ–ˆâ–‹   [0m| 6/9 [02:25<02:06, 42.06s/it]
Gender:  78%|[33mâ–ˆâ–ˆâ–ˆâ–ˆâ–ˆâ–ˆâ–ˆâ–Š  [0m| 7/9 [02:32<01:00, 30.44s/it]
grade:  78%|[33mâ–ˆâ–ˆâ–ˆâ–ˆâ–ˆâ–ˆâ–ˆâ–Š  [0m| 7/9 [02:32<01:00, 30.44s/it] 
grade:  89%|[33mâ–ˆâ–ˆâ–ˆâ–ˆâ–ˆâ–ˆâ–ˆâ–ˆâ–‰ [0m| 8/9 [02:38<00:22, 22.71s/it]
ATRX_bin:  89%|[33mâ–ˆâ–ˆâ–ˆâ–ˆâ–ˆâ–ˆâ–ˆâ–ˆâ–‰ [0m| 8/9 [02:38<00:22, 22.71s/it]
ATRX_bin: 100%|[33mâ–ˆâ–ˆâ–ˆâ–ˆâ–ˆâ–ˆâ–ˆâ–ˆâ–ˆâ–ˆ[0m| 9/9 [02:46<00:00, 18.22s/it]
ATRX_bin: 100%|[33mâ–ˆâ–ˆâ–ˆâ–ˆâ–ˆâ–ˆâ–ˆâ–ˆâ–ˆâ–ˆ[0m| 9/9 [02:46<00:00, 18.52s/it]
