GPU 0: Tesla V100-SXM2-32GB (UUID: GPU-30557803-af77-c7c4-7620-a548bf3b8ea1)

[1;34mExtracting features = test/UKB[0m

[1;34mMultivariate analysis for model = test/UKB[0m

Scanner_lateral_X_brain_position:  78%|[33mâ–ˆâ–ˆâ–ˆâ–ˆâ–ˆâ–ˆâ–ˆâ–Š  [0m| 35/45 [7:51:12<1:51:43, 670.38s/it]
Scanner_transverse_Y_brain_position:  78%|[33mâ–ˆâ–ˆâ–ˆâ–ˆâ–ˆâ–ˆâ–ˆâ–Š  [0m| 35/45 [7:51:12<1:51:43, 670.38s/it]Importing outputs/test/UKB/config.cfg...
  0%|[33m          [0m| 0/14 [00:00<?, ?it/s]
risk_taking_bin:   0%|[33m          [0m| 0/14 [00:00<?, ?it/s]
Scanner_transverse_Y_brain_position:  80%|[33mâ–ˆâ–ˆâ–ˆâ–ˆâ–ˆâ–ˆâ–ˆâ–ˆ  [0m| 36/45 [7:59:11<1:31:56, 612.92s/it]
Scanner_longitudinal_Z_brain_position:  80%|[33mâ–ˆâ–ˆâ–ˆâ–ˆâ–ˆâ–ˆâ–ˆâ–ˆ  [0m| 36/45 [7:59:11<1:31:56, 612.92s/it]
Scanner_longitudinal_Z_brain_position:  82%|[33mâ–ˆâ–ˆâ–ˆâ–ˆâ–ˆâ–ˆâ–ˆâ–ˆâ– [0m| 37/45 [8:07:22<1:16:51, 576.49s/it]
Scanner_table_position:  82%|[33mâ–ˆâ–ˆâ–ˆâ–ˆâ–ˆâ–ˆâ–ˆâ–ˆâ– [0m| 37/45 [8:07:23<1:16:51, 576.49s/it]               
Scanner_table_position:  84%|[33mâ–ˆâ–ˆâ–ˆâ–ˆâ–ˆâ–ˆâ–ˆâ–ˆâ– [0m| 38/45 [8:15:21<1:03:49, 547.12s/it]
Amount_of_warping_applied_to_nonlinearly_align_T1_brain_image_to_standardspace:  84%|[33mâ–ˆâ–ˆâ–ˆâ–ˆâ–ˆâ–ˆâ–ˆâ–ˆâ– [0m| 38/45 [8:15:21<1:03:49, 547.12s/it]
Amount_of_warping_applied_to_nonlinearly_align_T1_brain_image_to_standardspace:  87%|[33mâ–ˆâ–ˆâ–ˆâ–ˆâ–ˆâ–ˆâ–ˆâ–ˆâ–‹ [0m| 39/45 [8:23:21<52:42, 527.01s/it]  
Discrepancy_between_T1_brain_image_and_standardspace_brain_template_linearlyaligned:  87%|[33mâ–ˆâ–ˆâ–ˆâ–ˆâ–ˆâ–ˆâ–ˆâ–ˆâ–‹ [0m| 39/45 [8:23:21<52:42, 527.01s/it]
Discrepancy_between_T1_brain_image_and_standardspace_brain_template_linearlyaligned:  89%|[33mâ–ˆâ–ˆâ–ˆâ–ˆâ–ˆâ–ˆâ–ˆâ–ˆâ–‰ [0m| 40/45 [8:31:21<42:44, 512.84s/it]
Discrepancy_between_T1_brain_image_and_standardspace_brain_template_nonlinearlyaligned:  89%|[33mâ–ˆâ–ˆâ–ˆâ–ˆâ–ˆâ–ˆâ–ˆâ–ˆâ–‰ [0m| 40/45 [8:31:21<42:44, 512.84s/it]
Discrepancy_between_T1_brain_image_and_standardspace_brain_template_nonlinearlyaligned:  91%|[33mâ–ˆâ–ˆâ–ˆâ–ˆâ–ˆâ–ˆâ–ˆâ–ˆâ–ˆ [0m| 41/45 [8:39:33<33:46, 506.58s/it]
Inverted_contrasttonoise_ratio_in_T1:  91%|[33mâ–ˆâ–ˆâ–ˆâ–ˆâ–ˆâ–ˆâ–ˆâ–ˆâ–ˆ [0m| 41/45 [8:39:33<33:46, 506.58s/it]                                                  
Inverted_contrasttonoise_ratio_in_T1:  93%|[33mâ–ˆâ–ˆâ–ˆâ–ˆâ–ˆâ–ˆâ–ˆâ–ˆâ–ˆâ–Ž[0m| 42/45 [8:47:32<24:55, 498.48s/it]
Inverted_signaltonoise_ratio_in_T1:  93%|[33mâ–ˆâ–ˆâ–ˆâ–ˆâ–ˆâ–ˆâ–ˆâ–ˆâ–ˆâ–Ž[0m| 42/45 [8:47:33<24:55, 498.48s/it]  
Inverted_signaltonoise_ratio_in_T1:  96%|[33mâ–ˆâ–ˆâ–ˆâ–ˆâ–ˆâ–ˆâ–ˆâ–ˆâ–ˆâ–Œ[0m| 43/45 [8:55:33<16:26, 493.17s/it]
Discrepancy_between_T2_FLAIR_brain_image_and_T1_brain_image:  96%|[33mâ–ˆâ–ˆâ–ˆâ–ˆâ–ˆâ–ˆâ–ˆâ–ˆâ–ˆâ–Œ[0m| 43/45 [8:55:33<16:26, 493.17s/it]
Discrepancy_between_T2_FLAIR_brain_image_and_T1_brain_image:  98%|[33mâ–ˆâ–ˆâ–ˆâ–ˆâ–ˆâ–ˆâ–ˆâ–ˆâ–ˆâ–Š[0m| 44/45 [9:03:35<08:09, 489.63s/it]
UK_Biobank_assessment_centre:  98%|[33mâ–ˆâ–ˆâ–ˆâ–ˆâ–ˆâ–ˆâ–ˆâ–ˆâ–ˆâ–Š[0m| 44/45 [9:03:35<08:09, 489.63s/it]                               
risk_taking_bin:   7%|[33mâ–‹         [0m| 1/14 [1:18:13<16:56:51, 4693.20s/it]
mood_swings_bin:   7%|[33mâ–‹         [0m| 1/14 [1:18:13<16:56:51, 4693.20s/it]
UK_Biobank_assessment_centre: 100%|[33mâ–ˆâ–ˆâ–ˆâ–ˆâ–ˆâ–ˆâ–ˆâ–ˆâ–ˆâ–ˆ[0m| 45/45 [9:25:07<00:00, 730.30s/it]
UK_Biobank_assessment_centre: 100%|[33mâ–ˆâ–ˆâ–ˆâ–ˆâ–ˆâ–ˆâ–ˆâ–ˆâ–ˆâ–ˆ[0m| 45/45 [9:25:07<00:00, 753.49s/it]

mood_swings_bin:  14%|[33mâ–ˆâ–        [0m| 2/14 [2:21:41<13:54:32, 4172.73s/it]
miserableness_bin:  14%|[33mâ–ˆâ–        [0m| 2/14 [2:21:41<13:54:32, 4172.73s/it]
miserableness_bin:  21%|[33mâ–ˆâ–ˆâ–       [0m| 3/14 [3:25:14<12:14:52, 4008.37s/it]
seen_psy:  21%|[33mâ–ˆâ–ˆâ–       [0m| 3/14 [3:25:14<12:14:52, 4008.37s/it]         
seen_psy:  29%|[33mâ–ˆâ–ˆâ–Š       [0m| 4/14 [5:02:09<13:06:57, 4721.76s/it]
APOE_bin:  29%|[33mâ–ˆâ–ˆâ–Š       [0m| 4/14 [5:02:09<13:06:57, 4721.76s/it]
APOE_bin:  36%|[33mâ–ˆâ–ˆâ–ˆâ–Œ      [0m| 5/14 [6:18:16<11:39:51, 4665.72s/it]
alcohol_drinker_bin:  36%|[33mâ–ˆâ–ˆâ–ˆâ–Œ      [0m| 5/14 [6:18:16<11:39:51, 4665.72s/it]
alcohol_drinker_bin:  43%|[33mâ–ˆâ–ˆâ–ˆâ–ˆâ–Ž     [0m| 6/14 [8:21:12<12:24:58, 5587.28s/it]
binary_carotid:  43%|[33mâ–ˆâ–ˆâ–ˆâ–ˆâ–Ž     [0m| 6/14 [8:21:12<12:24:58, 5587.28s/it]     
binary_carotid:  50%|[33mâ–ˆâ–ˆâ–ˆâ–ˆâ–ˆ     [0m| 7/14 [9:21:37<9:36:59, 4945.68s/it] 
Smoking_status_bin:  50%|[33mâ–ˆâ–ˆâ–ˆâ–ˆâ–ˆ     [0m| 7/14 [9:21:37<9:36:59, 4945.68s/it]
Smoking_status_bin:  57%|[33mâ–ˆâ–ˆâ–ˆâ–ˆâ–ˆâ–‹    [0m| 8/14 [10:27:40<7:43:17, 4632.86s/it]
Diabetes_diagnosed_binary:  57%|[33mâ–ˆâ–ˆâ–ˆâ–ˆâ–ˆâ–‹    [0m| 8/14 [10:27:40<7:43:17, 4632.86s/it]
Diabetes_diagnosed_binary:  64%|[33mâ–ˆâ–ˆâ–ˆâ–ˆâ–ˆâ–ˆâ–   [0m| 9/14 [12:19:04<7:19:30, 5274.05s/it]
Vascular_disease_binary:  64%|[33mâ–ˆâ–ˆâ–ˆâ–ˆâ–ˆâ–ˆâ–   [0m| 9/14 [12:19:04<7:19:30, 5274.05s/it]  
Vascular_disease_binary:  71%|[33mâ–ˆâ–ˆâ–ˆâ–ˆâ–ˆâ–ˆâ–ˆâ–  [0m| 10/14 [13:48:09<5:53:03, 5295.99s/it]
Volume_of_brain_grey_white_matter:  71%|[33mâ–ˆâ–ˆâ–ˆâ–ˆâ–ˆâ–ˆâ–ˆâ–  [0m| 10/14 [13:48:09<5:53:03, 5295.99s/it]
Volume_of_brain_grey_white_matter:  79%|[33mâ–ˆâ–ˆâ–ˆâ–ˆâ–ˆâ–ˆâ–ˆâ–Š  [0m| 11/14 [14:03:24<3:17:46, 3955.41s/it]
Sexe:  79%|[33mâ–ˆâ–ˆâ–ˆâ–ˆâ–ˆâ–ˆâ–ˆâ–Š  [0m| 11/14 [14:03:24<3:17:46, 3955.41s/it]                             
Sexe:  86%|[33mâ–ˆâ–ˆâ–ˆâ–ˆâ–ˆâ–ˆâ–ˆâ–ˆâ–Œ [0m| 12/14 [15:08:54<2:11:35, 3947.61s/it]
Age_at_recruitment:  86%|[33mâ–ˆâ–ˆâ–ˆâ–ˆâ–ˆâ–ˆâ–ˆâ–ˆâ–Œ [0m| 12/14 [15:08:54<2:11:35, 3947.61s/it]
Age_at_recruitment:  93%|[33mâ–ˆâ–ˆâ–ˆâ–ˆâ–ˆâ–ˆâ–ˆâ–ˆâ–ˆâ–Ž[0m| 13/14 [15:24:11<50:29, 3029.38s/it]  
Scanner_table_position:  93%|[33mâ–ˆâ–ˆâ–ˆâ–ˆâ–ˆâ–ˆâ–ˆâ–ˆâ–ˆâ–Ž[0m| 13/14 [15:24:11<50:29, 3029.38s/it]
Scanner_table_position: 100%|[33mâ–ˆâ–ˆâ–ˆâ–ˆâ–ˆâ–ˆâ–ˆâ–ˆâ–ˆâ–ˆ[0m| 14/14 [15:39:28<00:00, 2391.54s/it]
Scanner_table_position: 100%|[33mâ–ˆâ–ˆâ–ˆâ–ˆâ–ˆâ–ˆâ–ˆâ–ˆâ–ˆâ–ˆ[0m| 14/14 [15:39:28<00:00, 4026.35s/it]
