GPU 0: Tesla P100-PCIE-16GB (UUID: GPU-b9222912-c18a-227c-31c0-7613acb08189)

[1;34mExtracting features = test/UKB[0m

[1;34mMultivariate analysis for model = test/UKB[0m
Importing outputs/test/UKB/config.cfg...
  0%|[33m          [0m| 0/14 [00:00<?, ?it/s]
risk_taking_bin:   0%|[33m          [0m| 0/14 [00:00<?, ?it/s]
Volume_of_grey_matter_in_Frontal_Operculum_Cortex_left:  25%|[33mâ–ˆâ–ˆâ–Œ       [0m| 81/319 [7:34:06<19:49:36, 299.90s/it]
Volume_of_grey_matter_in_Frontal_Operculum_Cortex_right:  25%|[33mâ–ˆâ–ˆâ–Œ       [0m| 81/319 [7:34:06<19:49:36, 299.90s/it]
Volume_of_grey_matter_in_Frontal_Operculum_Cortex_right:  26%|[33mâ–ˆâ–ˆâ–Œ       [0m| 82/319 [7:39:05<19:44:07, 299.78s/it]
Volume_of_grey_matter_in_Frontal_Orbital_Cortex_left:  26%|[33mâ–ˆâ–ˆâ–Œ       [0m| 82/319 [7:39:05<19:44:07, 299.78s/it]   
risk_taking_bin:   7%|[33mâ–‹         [0m| 1/14 [09:48<2:07:33, 588.73s/it]
mood_swings_bin:   7%|[33mâ–‹         [0m| 1/14 [09:48<2:07:33, 588.73s/it]
Volume_of_grey_matter_in_Frontal_Orbital_Cortex_left:  26%|[33mâ–ˆâ–ˆâ–Œ       [0m| 83/319 [7:44:06<19:39:59, 300.00s/it]
Volume_of_grey_matter_in_Frontal_Orbital_Cortex_right:  26%|[33mâ–ˆâ–ˆâ–Œ       [0m| 83/319 [7:44:06<19:39:59, 300.00s/it]
Volume_of_grey_matter_in_Frontal_Orbital_Cortex_right:  26%|[33mâ–ˆâ–ˆâ–‹       [0m| 84/319 [7:49:08<19:37:15, 300.58s/it]
Volume_of_grey_matter_in_Frontal_Pole_left:  26%|[33mâ–ˆâ–ˆâ–‹       [0m| 84/319 [7:49:08<19:37:15, 300.58s/it]           
mood_swings_bin:  14%|[33mâ–ˆâ–        [0m| 2/14 [17:41<1:44:07, 520.64s/it]
miserableness_bin:  14%|[33mâ–ˆâ–        [0m| 2/14 [17:42<1:44:07, 520.64s/it]
Volume_of_grey_matter_in_Frontal_Pole_left:  27%|[33mâ–ˆâ–ˆâ–‹       [0m| 85/319 [7:54:10<19:33:43, 300.96s/it]
Volume_of_grey_matter_in_Frontal_Pole_right:  27%|[33mâ–ˆâ–ˆâ–‹       [0m| 85/319 [7:54:10<19:33:43, 300.96s/it]
Volume_of_grey_matter_in_Frontal_Pole_right:  27%|[33mâ–ˆâ–ˆâ–‹       [0m| 86/319 [7:59:11<19:29:02, 301.04s/it]
Volume_of_grey_matter_in_Heschls_Gyrus_includes_H1_and_H2_left:  27%|[33mâ–ˆâ–ˆâ–‹       [0m| 86/319 [7:59:11<19:29:02, 301.04s/it]
miserableness_bin:  21%|[33mâ–ˆâ–ˆâ–       [0m| 3/14 [25:34<1:31:27, 498.87s/it]
seen_psy:  21%|[33mâ–ˆâ–ˆâ–       [0m| 3/14 [25:34<1:31:27, 498.87s/it]         
Volume_of_grey_matter_in_Heschls_Gyrus_includes_H1_and_H2_left:  27%|[33mâ–ˆâ–ˆâ–‹       [0m| 87/319 [8:04:13<19:25:18, 301.37s/it]
Volume_of_grey_matter_in_Heschls_Gyrus_includes_H1_and_H2_right:  27%|[33mâ–ˆâ–ˆâ–‹       [0m| 87/319 [8:04:13<19:25:18, 301.37s/it]
Volume_of_grey_matter_in_Heschls_Gyrus_includes_H1_and_H2_right:  28%|[33mâ–ˆâ–ˆâ–Š       [0m| 88/319 [8:09:15<19:21:07, 301.59s/it]
Volume_of_grey_matter_in_Hippocampus_left:  28%|[33mâ–ˆâ–ˆâ–Š       [0m| 88/319 [8:09:15<19:21:07, 301.59s/it]                      
Volume_of_grey_matter_in_Hippocampus_left:  28%|[33mâ–ˆâ–ˆâ–Š       [0m| 89/319 [8:14:17<19:16:42, 301.75s/it]
Volume_of_grey_matter_in_Hippocampus_right:  28%|[33mâ–ˆâ–ˆâ–Š       [0m| 89/319 [8:14:17<19:16:42, 301.75s/it]
Volume_of_grey_matter_in_Hippocampus_right:  28%|[33mâ–ˆâ–ˆâ–Š       [0m| 90/319 [8:19:20<19:12:23, 301.94s/it]
Volume_of_grey_matter_in_IIV_Cerebellum_left:  28%|[33mâ–ˆâ–ˆâ–Š       [0m| 90/319 [8:19:20<19:12:23, 301.94s/it]
Volume_of_grey_matter_in_IIV_Cerebellum_left:  29%|[33mâ–ˆâ–ˆâ–Š       [0m| 91/319 [8:24:22<19:08:21, 302.20s/it]
Volume_of_grey_matter_in_IIV_Cerebellum_right:  29%|[33mâ–ˆâ–ˆâ–Š       [0m| 91/319 [8:24:23<19:08:21, 302.20s/it]
seen_psy:  29%|[33mâ–ˆâ–ˆâ–Š       [0m| 4/14 [53:29<2:40:30, 963.04s/it]
APOE_bin:  29%|[33mâ–ˆâ–ˆâ–Š       [0m| 4/14 [53:29<2:40:30, 963.04s/it]
Volume_of_grey_matter_in_IIV_Cerebellum_right:  29%|[33mâ–ˆâ–ˆâ–‰       [0m| 92/319 [8:29:25<19:03:42, 302.30s/it]
Volume_of_grey_matter_in_IX_Cerebellum_left:  29%|[33mâ–ˆâ–ˆâ–‰       [0m| 92/319 [8:29:25<19:03:42, 302.30s/it]  
Volume_of_grey_matter_in_IX_Cerebellum_left:  29%|[33mâ–ˆâ–ˆâ–‰       [0m| 93/319 [8:34:29<19:00:19, 302.74s/it]
Volume_of_grey_matter_in_IX_Cerebellum_right:  29%|[33mâ–ˆâ–ˆâ–‰       [0m| 93/319 [8:34:29<19:00:19, 302.74s/it]
APOE_bin:  36%|[33mâ–ˆâ–ˆâ–ˆâ–Œ      [0m| 5/14 [1:04:37<2:08:28, 856.55s/it]
alcohol_drinker_bin:  36%|[33mâ–ˆâ–ˆâ–ˆâ–Œ      [0m| 5/14 [1:04:37<2:08:28, 856.55s/it]
Volume_of_grey_matter_in_IX_Cerebellum_right:  29%|[33mâ–ˆâ–ˆâ–‰       [0m| 94/319 [8:39:32<18:55:48, 302.88s/it]
Volume_of_grey_matter_in_IX_Cerebellum_vermis:  29%|[33mâ–ˆâ–ˆâ–‰       [0m| 94/319 [8:39:32<18:55:48, 302.88s/it]
Volume_of_grey_matter_in_IX_Cerebellum_vermis:  30%|[33mâ–ˆâ–ˆâ–‰       [0m| 95/319 [8:44:36<18:52:27, 303.34s/it]
Volume_of_grey_matter_in_Inferior_Frontal_Gyrus_pars_opercularis_left:  30%|[33mâ–ˆâ–ˆâ–‰       [0m| 95/319 [8:44:37<18:52:27, 303.34s/it]
Volume_of_grey_matter_in_Inferior_Frontal_Gyrus_pars_opercularis_left:  30%|[33mâ–ˆâ–ˆâ–ˆ       [0m| 96/319 [8:49:41<18:49:18, 303.85s/it]
Volume_of_grey_matter_in_Inferior_Frontal_Gyrus_pars_opercularis_right:  30%|[33mâ–ˆâ–ˆâ–ˆ       [0m| 96/319 [8:49:42<18:49:18, 303.85s/it]
Volume_of_grey_matter_in_Inferior_Frontal_Gyrus_pars_opercularis_right:  30%|[33mâ–ˆâ–ˆâ–ˆ       [0m| 97/319 [8:54:46<18:45:38, 304.23s/it]
Volume_of_grey_matter_in_Inferior_Frontal_Gyrus_pars_triangularis_left:  30%|[33mâ–ˆâ–ˆâ–ˆ       [0m| 97/319 [8:54:47<18:45:38, 304.23s/it]
Volume_of_grey_matter_in_Inferior_Frontal_Gyrus_pars_triangularis_left:  31%|[33mâ–ˆâ–ˆâ–ˆ       [0m| 98/319 [8:59:53<18:43:11, 304.94s/it]
Volume_of_grey_matter_in_Inferior_Frontal_Gyrus_pars_triangularis_right:  31%|[33mâ–ˆâ–ˆâ–ˆ       [0m| 98/319 [8:59:53<18:43:11, 304.94s/it]
Volume_of_grey_matter_in_Inferior_Frontal_Gyrus_pars_triangularis_right:  31%|[33mâ–ˆâ–ˆâ–ˆ       [0m| 99/319 [9:04:58<18:38:27, 305.03s/it]
Volume_of_grey_matter_in_Inferior_Temporal_Gyrus_anterior_division_left:  31%|[33mâ–ˆâ–ˆâ–ˆ       [0m| 99/319 [9:04:59<18:38:27, 305.03s/it]
alcohol_drinker_bin:  43%|[33mâ–ˆâ–ˆâ–ˆâ–ˆâ–Ž     [0m| 6/14 [1:34:54<2:37:45, 1183.22s/it]
binary_carotid:  43%|[33mâ–ˆâ–ˆâ–ˆâ–ˆâ–Ž     [0m| 6/14 [1:34:54<2:37:45, 1183.22s/it]     
Volume_of_grey_matter_in_Inferior_Temporal_Gyrus_anterior_division_left:  31%|[33mâ–ˆâ–ˆâ–ˆâ–      [0m| 100/319 [9:10:05<18:35:03, 305.49s/it]
Volume_of_grey_matter_in_Inferior_Temporal_Gyrus_anterior_division_right:  31%|[33mâ–ˆâ–ˆâ–ˆâ–      [0m| 100/319 [9:10:05<18:35:03, 305.49s/it]
Volume_of_grey_matter_in_Inferior_Temporal_Gyrus_anterior_division_right:  32%|[33mâ–ˆâ–ˆâ–ˆâ–      [0m| 101/319 [9:15:10<18:29:08, 305.27s/it]
Volume_of_grey_matter_in_Inferior_Temporal_Gyrus_posterior_division_left:  32%|[33mâ–ˆâ–ˆâ–ˆâ–      [0m| 101/319 [9:15:10<18:29:08, 305.27s/it]
binary_carotid:  50%|[33mâ–ˆâ–ˆâ–ˆâ–ˆâ–ˆ     [0m| 7/14 [1:43:28<1:52:31, 964.57s/it] 
Smoking_status_bin:  50%|[33mâ–ˆâ–ˆâ–ˆâ–ˆâ–ˆ     [0m| 7/14 [1:43:29<1:52:31, 964.57s/it]
Volume_of_grey_matter_in_Inferior_Temporal_Gyrus_posterior_division_left:  32%|[33mâ–ˆâ–ˆâ–ˆâ–      [0m| 102/319 [9:20:14<18:23:33, 305.13s/it]
Volume_of_grey_matter_in_Inferior_Temporal_Gyrus_posterior_division_right:  32%|[33mâ–ˆâ–ˆâ–ˆâ–      [0m| 102/319 [9:20:15<18:23:33, 305.13s/it]
Volume_of_grey_matter_in_Inferior_Temporal_Gyrus_posterior_division_right:  32%|[33mâ–ˆâ–ˆâ–ˆâ–      [0m| 103/319 [9:25:21<18:19:38, 305.46s/it]
Volume_of_grey_matter_in_Inferior_Temporal_Gyrus_temporooccipital_part_left:  32%|[33mâ–ˆâ–ˆâ–ˆâ–      [0m| 103/319 [9:25:21<18:19:38, 305.46s/it]
Smoking_status_bin:  57%|[33mâ–ˆâ–ˆâ–ˆâ–ˆâ–ˆâ–‹    [0m| 8/14 [1:52:10<1:22:22, 823.72s/it]
Diabetes_diagnosed_binary:  57%|[33mâ–ˆâ–ˆâ–ˆâ–ˆâ–ˆâ–‹    [0m| 8/14 [1:52:10<1:22:22, 823.72s/it]
Volume_of_grey_matter_in_Inferior_Temporal_Gyrus_temporooccipital_part_left:  33%|[33mâ–ˆâ–ˆâ–ˆâ–Ž      [0m| 104/319 [9:30:27<18:15:04, 305.60s/it]
Volume_of_grey_matter_in_Inferior_Temporal_Gyrus_temporooccipital_part_right:  33%|[33mâ–ˆâ–ˆâ–ˆâ–Ž      [0m| 104/319 [9:30:27<18:15:04, 305.60s/it]
Volume_of_grey_matter_in_Inferior_Temporal_Gyrus_temporooccipital_part_right:  33%|[33mâ–ˆâ–ˆâ–ˆâ–Ž      [0m| 105/319 [9:35:35<18:12:32, 306.32s/it]
Volume_of_grey_matter_in_Insular_Cortex_left:  33%|[33mâ–ˆâ–ˆâ–ˆâ–Ž      [0m| 105/319 [9:35:35<18:12:32, 306.32s/it]                                
Volume_of_grey_matter_in_Insular_Cortex_left:  33%|[33mâ–ˆâ–ˆâ–ˆâ–Ž      [0m| 106/319 [9:40:42<18:08:31, 306.63s/it]
Volume_of_grey_matter_in_Insular_Cortex_right:  33%|[33mâ–ˆâ–ˆâ–ˆâ–Ž      [0m| 106/319 [9:40:42<18:08:31, 306.63s/it]
Volume_of_grey_matter_in_Insular_Cortex_right:  34%|[33mâ–ˆâ–ˆâ–ˆâ–Ž      [0m| 107/319 [9:45:48<18:02:50, 306.46s/it]
Volume_of_grey_matter_in_Intracalcarine_Cortex_left:  34%|[33mâ–ˆâ–ˆâ–ˆâ–Ž      [0m| 107/319 [9:45:48<18:02:50, 306.46s/it]
Volume_of_grey_matter_in_Intracalcarine_Cortex_left:  34%|[33mâ–ˆâ–ˆâ–ˆâ–      [0m| 108/319 [9:50:55<17:58:35, 306.71s/it]
Volume_of_grey_matter_in_Intracalcarine_Cortex_right:  34%|[33mâ–ˆâ–ˆâ–ˆâ–      [0m| 108/319 [9:50:55<17:58:35, 306.71s/it]
Volume_of_grey_matter_in_Intracalcarine_Cortex_right:  34%|[33mâ–ˆâ–ˆâ–ˆâ–      [0m| 109/319 [9:56:04<17:56:03, 307.45s/it]
Volume_of_grey_matter_in_Juxtapositional_Lobule_Cortex_formerly_Supplementary_Motor_Cortex_left:  34%|[33mâ–ˆâ–ˆâ–ˆâ–      [0m| 109/319 [9:56:04<17:56:03, 307.45s/it]
Diabetes_diagnosed_binary:  64%|[33mâ–ˆâ–ˆâ–ˆâ–ˆâ–ˆâ–ˆâ–   [0m| 9/14 [2:24:12<1:37:15, 1167.05s/it]
Vascular_disease_binary:  64%|[33mâ–ˆâ–ˆâ–ˆâ–ˆâ–ˆâ–ˆâ–   [0m| 9/14 [2:24:12<1:37:15, 1167.05s/it]  
Volume_of_grey_matter_in_Juxtapositional_Lobule_Cortex_formerly_Supplementary_Motor_Cortex_left:  34%|[33mâ–ˆâ–ˆâ–ˆâ–      [0m| 110/319 [10:01:13<17:52:04, 307.77s/it]
Volume_of_grey_matter_in_Juxtapositional_Lobule_Cortex_formerly_Supplementary_Motor_Cortex_right:  34%|[33mâ–ˆâ–ˆâ–ˆâ–      [0m| 110/319 [10:01:13<17:52:04, 307.77s/it]
Volume_of_grey_matter_in_Juxtapositional_Lobule_Cortex_formerly_Supplementary_Motor_Cortex_right:  35%|[33mâ–ˆâ–ˆâ–ˆâ–      [0m| 111/319 [10:06:21<17:47:39, 307.98s/it]
Volume_of_grey_matter_in_Lateral_Occipital_Cortex_inferior_division_left:  35%|[33mâ–ˆâ–ˆâ–ˆâ–      [0m| 111/319 [10:06:21<17:47:39, 307.98s/it]                        
Vascular_disease_binary:  71%|[33mâ–ˆâ–ˆâ–ˆâ–ˆâ–ˆâ–ˆâ–ˆâ–  [0m| 10/14 [2:37:16<1:09:54, 1048.53s/it]
Volume_of_brain_grey_white_matter:  71%|[33mâ–ˆâ–ˆâ–ˆâ–ˆâ–ˆâ–ˆâ–ˆâ–  [0m| 10/14 [2:37:16<1:09:54, 1048.53s/it]
Volume_of_grey_matter_in_Lateral_Occipital_Cortex_inferior_division_left:  35%|[33mâ–ˆâ–ˆâ–ˆâ–Œ      [0m| 112/319 [10:11:31<17:43:52, 308.37s/it]
Volume_of_grey_matter_in_Lateral_Occipital_Cortex_inferior_division_right:  35%|[33mâ–ˆâ–ˆâ–ˆâ–Œ      [0m| 112/319 [10:11:31<17:43:52, 308.37s/it]
Volume_of_brain_grey_white_matter:  79%|[33mâ–ˆâ–ˆâ–ˆâ–ˆâ–ˆâ–ˆâ–ˆâ–Š  [0m| 11/14 [2:40:23<39:14, 784.95s/it]   
Sexe:  79%|[33mâ–ˆâ–ˆâ–ˆâ–ˆâ–ˆâ–ˆâ–ˆâ–Š  [0m| 11/14 [2:40:23<39:14, 784.95s/it]                             
Volume_of_grey_matter_in_Lateral_Occipital_Cortex_inferior_division_right:  35%|[33mâ–ˆâ–ˆâ–ˆâ–Œ      [0m| 113/319 [10:16:40<17:39:33, 308.61s/it]
Volume_of_grey_matter_in_Lateral_Occipital_Cortex_superior_division_left:  35%|[33mâ–ˆâ–ˆâ–ˆâ–Œ      [0m| 113/319 [10:16:40<17:39:33, 308.61s/it] 
Volume_of_grey_matter_in_Lateral_Occipital_Cortex_superior_division_left:  36%|[33mâ–ˆâ–ˆâ–ˆâ–Œ      [0m| 114/319 [10:21:50<17:35:29, 308.92s/it]
Volume_of_grey_matter_in_Lateral_Occipital_Cortex_superior_division_right:  36%|[33mâ–ˆâ–ˆâ–ˆâ–Œ      [0m| 114/319 [10:21:50<17:35:29, 308.92s/it]
Sexe:  86%|[33mâ–ˆâ–ˆâ–ˆâ–ˆâ–ˆâ–ˆâ–ˆâ–ˆâ–Œ [0m| 12/14 [2:48:14<22:59, 689.52s/it]
Age_at_recruitment:  86%|[33mâ–ˆâ–ˆâ–ˆâ–ˆâ–ˆâ–ˆâ–ˆâ–ˆâ–Œ [0m| 12/14 [2:48:14<22:59, 689.52s/it]
Age_at_recruitment:  93%|[33mâ–ˆâ–ˆâ–ˆâ–ˆâ–ˆâ–ˆâ–ˆâ–ˆâ–ˆâ–Ž[0m| 13/14 [2:51:23<08:57, 537.93s/it]
Scanner_table_position:  93%|[33mâ–ˆâ–ˆâ–ˆâ–ˆâ–ˆâ–ˆâ–ˆâ–ˆâ–ˆâ–Ž[0m| 13/14 [2:51:24<08:57, 537.93s/it]
Volume_of_grey_matter_in_Lateral_Occipital_Cortex_superior_division_right:  36%|[33mâ–ˆâ–ˆâ–ˆâ–Œ      [0m| 115/319 [10:26:58<17:30:05, 308.85s/it]
Volume_of_grey_matter_in_Lingual_Gyrus_left:  36%|[33mâ–ˆâ–ˆâ–ˆâ–Œ      [0m| 115/319 [10:26:59<17:30:05, 308.85s/it]                              
Scanner_table_position: 100%|[33mâ–ˆâ–ˆâ–ˆâ–ˆâ–ˆâ–ˆâ–ˆâ–ˆâ–ˆâ–ˆ[0m| 14/14 [2:54:34<00:00, 433.10s/it]
Scanner_table_position: 100%|[33mâ–ˆâ–ˆâ–ˆâ–ˆâ–ˆâ–ˆâ–ˆâ–ˆâ–ˆâ–ˆ[0m| 14/14 [2:54:34<00:00, 748.18s/it]

Volume_of_grey_matter_in_Lingual_Gyrus_left:  36%|[33mâ–ˆâ–ˆâ–ˆâ–‹      [0m| 116/319 [10:32:06<17:24:10, 308.62s/it]
Volume_of_grey_matter_in_Lingual_Gyrus_right:  36%|[33mâ–ˆâ–ˆâ–ˆâ–‹      [0m| 116/319 [10:32:06<17:24:10, 308.62s/it]
Volume_of_grey_matter_in_Lingual_Gyrus_right:  37%|[33mâ–ˆâ–ˆâ–ˆâ–‹      [0m| 117/319 [10:37:15<17:19:11, 308.67s/it]
Volume_of_grey_matter_in_Middle_Frontal_Gyrus_left:  37%|[33mâ–ˆâ–ˆâ–ˆâ–‹      [0m| 117/319 [10:37:15<17:19:11, 308.67s/it]
Volume_of_grey_matter_in_Middle_Frontal_Gyrus_left:  37%|[33mâ–ˆâ–ˆâ–ˆâ–‹      [0m| 118/319 [10:42:25<17:15:23, 309.07s/it]
Volume_of_grey_matter_in_Middle_Frontal_Gyrus_right:  37%|[33mâ–ˆâ–ˆâ–ˆâ–‹      [0m| 118/319 [10:42:25<17:15:23, 309.07s/it]
Volume_of_grey_matter_in_Middle_Frontal_Gyrus_right:  37%|[33mâ–ˆâ–ˆâ–ˆâ–‹      [0m| 119/319 [10:47:36<17:12:29, 309.75s/it]
Volume_of_grey_matter_in_Middle_Temporal_Gyrus_anterior_division_left:  37%|[33mâ–ˆâ–ˆâ–ˆâ–‹      [0m| 119/319 [10:47:36<17:12:29, 309.75s/it]
Volume_of_grey_matter_in_Middle_Temporal_Gyrus_anterior_division_left:  38%|[33mâ–ˆâ–ˆâ–ˆâ–Š      [0m| 120/319 [10:52:46<17:07:09, 309.69s/it]
Volume_of_grey_matter_in_Middle_Temporal_Gyrus_anterior_division_right:  38%|[33mâ–ˆâ–ˆâ–ˆâ–Š      [0m| 120/319 [10:52:46<17:07:09, 309.69s/it]
Volume_of_grey_matter_in_Middle_Temporal_Gyrus_anterior_division_right:  38%|[33mâ–ˆâ–ˆâ–ˆâ–Š      [0m| 121/319 [10:57:56<17:02:48, 309.94s/it]
Volume_of_grey_matter_in_Middle_Temporal_Gyrus_posterior_division_left:  38%|[33mâ–ˆâ–ˆâ–ˆâ–Š      [0m| 121/319 [10:57:56<17:02:48, 309.94s/it]
Volume_of_grey_matter_in_Middle_Temporal_Gyrus_posterior_division_left:  38%|[33mâ–ˆâ–ˆâ–ˆâ–Š      [0m| 122/319 [11:03:06<16:57:37, 309.94s/it]
Volume_of_grey_matter_in_Middle_Temporal_Gyrus_posterior_division_right:  38%|[33mâ–ˆâ–ˆâ–ˆâ–Š      [0m| 122/319 [11:03:06<16:57:37, 309.94s/it]
Volume_of_grey_matter_in_Middle_Temporal_Gyrus_posterior_division_right:  39%|[33mâ–ˆâ–ˆâ–ˆâ–Š      [0m| 123/319 [11:08:16<16:52:23, 309.91s/it]
Volume_of_grey_matter_in_Middle_Temporal_Gyrus_temporooccipital_part_left:  39%|[33mâ–ˆâ–ˆâ–ˆâ–Š      [0m| 123/319 [11:08:16<16:52:23, 309.91s/it]
Volume_of_grey_matter_in_Middle_Temporal_Gyrus_temporooccipital_part_left:  39%|[33mâ–ˆâ–ˆâ–ˆâ–‰      [0m| 124/319 [11:13:27<16:48:10, 310.21s/it]
Volume_of_grey_matter_in_Middle_Temporal_Gyrus_temporooccipital_part_right:  39%|[33mâ–ˆâ–ˆâ–ˆâ–‰      [0m| 124/319 [11:13:27<16:48:10, 310.21s/it]
Volume_of_grey_matter_in_Middle_Temporal_Gyrus_temporooccipital_part_right:  39%|[33mâ–ˆâ–ˆâ–ˆâ–‰      [0m| 125/319 [11:18:38<16:43:35, 310.39s/it]
Volume_of_grey_matter_in_Occipital_Fusiform_Gyrus_left:  39%|[33mâ–ˆâ–ˆâ–ˆâ–‰      [0m| 125/319 [11:18:38<16:43:35, 310.39s/it]                    
Volume_of_grey_matter_in_Occipital_Fusiform_Gyrus_left:  39%|[33mâ–ˆâ–ˆâ–ˆâ–‰      [0m| 126/319 [11:23:49<16:38:53, 310.54s/it]
Volume_of_grey_matter_in_Occipital_Fusiform_Gyrus_right:  39%|[33mâ–ˆâ–ˆâ–ˆâ–‰      [0m| 126/319 [11:23:49<16:38:53, 310.54s/it]
Volume_of_grey_matter_in_Occipital_Fusiform_Gyrus_right:  40%|[33mâ–ˆâ–ˆâ–ˆâ–‰      [0m| 127/319 [11:29:01<16:35:19, 311.04s/it]
Volume_of_grey_matter_in_Occipital_Pole_left:  40%|[33mâ–ˆâ–ˆâ–ˆâ–‰      [0m| 127/319 [11:29:01<16:35:19, 311.04s/it]           
Volume_of_grey_matter_in_Occipital_Pole_left:  40%|[33mâ–ˆâ–ˆâ–ˆâ–ˆ      [0m| 128/319 [11:34:13<16:31:14, 311.38s/it]
Volume_of_grey_matter_in_Occipital_Pole_right:  40%|[33mâ–ˆâ–ˆâ–ˆâ–ˆ      [0m| 128/319 [11:34:13<16:31:14, 311.38s/it]
Volume_of_grey_matter_in_Occipital_Pole_right:  40%|[33mâ–ˆâ–ˆâ–ˆâ–ˆ      [0m| 129/319 [11:39:26<16:27:34, 311.86s/it]
Volume_of_grey_matter_in_Pallidum_left:  40%|[33mâ–ˆâ–ˆâ–ˆâ–ˆ      [0m| 129/319 [11:39:26<16:27:34, 311.86s/it]       
Volume_of_grey_matter_in_Pallidum_left:  41%|[33mâ–ˆâ–ˆâ–ˆâ–ˆ      [0m| 130/319 [11:44:39<16:23:13, 312.13s/it]
Volume_of_grey_matter_in_Pallidum_right:  41%|[33mâ–ˆâ–ˆâ–ˆâ–ˆ      [0m| 130/319 [11:44:39<16:23:13, 312.13s/it]
Volume_of_grey_matter_in_Pallidum_right:  41%|[33mâ–ˆâ–ˆâ–ˆâ–ˆ      [0m| 131/319 [11:49:51<16:18:19, 312.23s/it]
Volume_of_grey_matter_in_Paracingulate_Gyrus_left:  41%|[33mâ–ˆâ–ˆâ–ˆâ–ˆ      [0m| 131/319 [11:49:51<16:18:19, 312.23s/it]
Volume_of_grey_matter_in_Paracingulate_Gyrus_left:  41%|[33mâ–ˆâ–ˆâ–ˆâ–ˆâ–     [0m| 132/319 [11:55:05<16:14:26, 312.66s/it]
Volume_of_grey_matter_in_Paracingulate_Gyrus_right:  41%|[33mâ–ˆâ–ˆâ–ˆâ–ˆâ–     [0m| 132/319 [11:55:05<16:14:26, 312.66s/it]
Volume_of_grey_matter_in_Paracingulate_Gyrus_right:  42%|[33mâ–ˆâ–ˆâ–ˆâ–ˆâ–     [0m| 133/319 [12:00:19<16:10:36, 313.10s/it]
Volume_of_grey_matter_in_Parahippocampal_Gyrus_anterior_division_left:  42%|[33mâ–ˆâ–ˆâ–ˆâ–ˆâ–     [0m| 133/319 [12:00:19<16:10:36, 313.10s/it]
Volume_of_grey_matter_in_Parahippocampal_Gyrus_anterior_division_left:  42%|[33mâ–ˆâ–ˆâ–ˆâ–ˆâ–     [0m| 134/319 [12:05:32<16:04:58, 312.96s/it]
Volume_of_grey_matter_in_Parahippocampal_Gyrus_anterior_division_right:  42%|[33mâ–ˆâ–ˆâ–ˆâ–ˆâ–     [0m| 134/319 [12:05:32<16:04:58, 312.96s/it]
Volume_of_grey_matter_in_Parahippocampal_Gyrus_anterior_division_right:  42%|[33mâ–ˆâ–ˆâ–ˆâ–ˆâ–     [0m| 135/319 [12:10:46<16:00:42, 313.28s/it]
Volume_of_grey_matter_in_Parahippocampal_Gyrus_posterior_division_left:  42%|[33mâ–ˆâ–ˆâ–ˆâ–ˆâ–     [0m| 135/319 [12:10:46<16:00:42, 313.28s/it]
Volume_of_grey_matter_in_Parahippocampal_Gyrus_posterior_division_left:  43%|[33mâ–ˆâ–ˆâ–ˆâ–ˆâ–Ž     [0m| 136/319 [12:16:00<15:55:56, 313.42s/it]
Volume_of_grey_matter_in_Parahippocampal_Gyrus_posterior_division_right:  43%|[33mâ–ˆâ–ˆâ–ˆâ–ˆâ–Ž     [0m| 136/319 [12:16:00<15:55:56, 313.42s/it]
Volume_of_grey_matter_in_Parahippocampal_Gyrus_posterior_division_right:  43%|[33mâ–ˆâ–ˆâ–ˆâ–ˆâ–Ž     [0m| 137/319 [12:21:13<15:50:42, 313.42s/it]
Volume_of_grey_matter_in_Parietal_Operculum_Cortex_left:  43%|[33mâ–ˆâ–ˆâ–ˆâ–ˆâ–Ž     [0m| 137/319 [12:21:13<15:50:42, 313.42s/it]                
Volume_of_grey_matter_in_Parietal_Operculum_Cortex_left:  43%|[33mâ–ˆâ–ˆâ–ˆâ–ˆâ–Ž     [0m| 138/319 [12:26:28<15:46:29, 313.75s/it]
Volume_of_grey_matter_in_Parietal_Operculum_Cortex_right:  43%|[33mâ–ˆâ–ˆâ–ˆâ–ˆâ–Ž     [0m| 138/319 [12:26:28<15:46:29, 313.75s/it]
Volume_of_grey_matter_in_Parietal_Operculum_Cortex_right:  44%|[33mâ–ˆâ–ˆâ–ˆâ–ˆâ–Ž     [0m| 139/319 [12:31:42<15:42:12, 314.07s/it]
Volume_of_grey_matter_in_Planum_Polare_left:  44%|[33mâ–ˆâ–ˆâ–ˆâ–ˆâ–Ž     [0m| 139/319 [12:31:42<15:42:12, 314.07s/it]             
Volume_of_grey_matter_in_Planum_Polare_left:  44%|[33mâ–ˆâ–ˆâ–ˆâ–ˆâ–     [0m| 140/319 [12:36:57<15:37:26, 314.23s/it]
Volume_of_grey_matter_in_Planum_Polare_right:  44%|[33mâ–ˆâ–ˆâ–ˆâ–ˆâ–     [0m| 140/319 [12:36:57<15:37:26, 314.23s/it]
Volume_of_grey_matter_in_Planum_Polare_right:  44%|[33mâ–ˆâ–ˆâ–ˆâ–ˆâ–     [0m| 141/319 [12:42:12<15:33:13, 314.57s/it]
Volume_of_grey_matter_in_Planum_Temporale_left:  44%|[33mâ–ˆâ–ˆâ–ˆâ–ˆâ–     [0m| 141/319 [12:42:12<15:33:13, 314.57s/it]
Volume_of_grey_matter_in_Planum_Temporale_left:  45%|[33mâ–ˆâ–ˆâ–ˆâ–ˆâ–     [0m| 142/319 [12:47:28<15:28:53, 314.88s/it]
Volume_of_grey_matter_in_Planum_Temporale_right:  45%|[33mâ–ˆâ–ˆâ–ˆâ–ˆâ–     [0m| 142/319 [12:47:28<15:28:53, 314.88s/it]
Volume_of_grey_matter_in_Planum_Temporale_right:  45%|[33mâ–ˆâ–ˆâ–ˆâ–ˆâ–     [0m| 143/319 [12:52:44<15:24:42, 315.24s/it]
Volume_of_grey_matter_in_Postcentral_Gyrus_left:  45%|[33mâ–ˆâ–ˆâ–ˆâ–ˆâ–     [0m| 143/319 [12:52:44<15:24:42, 315.24s/it]
Volume_of_grey_matter_in_Postcentral_Gyrus_left:  45%|[33mâ–ˆâ–ˆâ–ˆâ–ˆâ–Œ     [0m| 144/319 [12:58:00<15:19:45, 315.34s/it]
Volume_of_grey_matter_in_Postcentral_Gyrus_right:  45%|[33mâ–ˆâ–ˆâ–ˆâ–ˆâ–Œ     [0m| 144/319 [12:58:00<15:19:45, 315.34s/it]
Volume_of_grey_matter_in_Postcentral_Gyrus_right:  45%|[33mâ–ˆâ–ˆâ–ˆâ–ˆâ–Œ     [0m| 145/319 [13:03:15<15:14:46, 315.44s/it]
Volume_of_grey_matter_in_Precentral_Gyrus_left:  45%|[33mâ–ˆâ–ˆâ–ˆâ–ˆâ–Œ     [0m| 145/319 [13:03:15<15:14:46, 315.44s/it]  
Volume_of_grey_matter_in_Precentral_Gyrus_left:  46%|[33mâ–ˆâ–ˆâ–ˆâ–ˆâ–Œ     [0m| 146/319 [13:08:32<15:11:00, 315.96s/it]
Volume_of_grey_matter_in_Precentral_Gyrus_right:  46%|[33mâ–ˆâ–ˆâ–ˆâ–ˆâ–Œ     [0m| 146/319 [13:08:32<15:11:00, 315.96s/it]
Volume_of_grey_matter_in_Precentral_Gyrus_right:  46%|[33mâ–ˆâ–ˆâ–ˆâ–ˆâ–Œ     [0m| 147/319 [13:13:50<15:06:41, 316.29s/it]
Volume_of_grey_matter_in_Precuneous_Cortex_left:  46%|[33mâ–ˆâ–ˆâ–ˆâ–ˆâ–Œ     [0m| 147/319 [13:13:50<15:06:41, 316.29s/it]
Volume_of_grey_matter_in_Precuneous_Cortex_left:  46%|[33mâ–ˆâ–ˆâ–ˆâ–ˆâ–‹     [0m| 148/319 [13:19:06<15:01:35, 316.35s/it]
Volume_of_grey_matter_in_Precuneous_Cortex_right:  46%|[33mâ–ˆâ–ˆâ–ˆâ–ˆâ–‹     [0m| 148/319 [13:19:06<15:01:35, 316.35s/it]
Volume_of_grey_matter_in_Precuneous_Cortex_right:  47%|[33mâ–ˆâ–ˆâ–ˆâ–ˆâ–‹     [0m| 149/319 [13:24:23<14:57:14, 316.67s/it]
Volume_of_grey_matter_in_Putamen_left:  47%|[33mâ–ˆâ–ˆâ–ˆâ–ˆâ–‹     [0m| 149/319 [13:24:23<14:57:14, 316.67s/it]           
Volume_of_grey_matter_in_Putamen_left:  47%|[33mâ–ˆâ–ˆâ–ˆâ–ˆâ–‹     [0m| 150/319 [13:29:42<14:53:30, 317.22s/it]
Volume_of_grey_matter_in_Putamen_right:  47%|[33mâ–ˆâ–ˆâ–ˆâ–ˆâ–‹     [0m| 150/319 [13:29:42<14:53:30, 317.22s/it]
Volume_of_grey_matter_in_Putamen_right:  47%|[33mâ–ˆâ–ˆâ–ˆâ–ˆâ–‹     [0m| 151/319 [13:35:00<14:48:46, 317.42s/it]
Volume_of_grey_matter_in_Subcallosal_Cortex_left:  47%|[33mâ–ˆâ–ˆâ–ˆâ–ˆâ–‹     [0m| 151/319 [13:35:00<14:48:46, 317.42s/it]
Volume_of_grey_matter_in_Subcallosal_Cortex_left:  48%|[33mâ–ˆâ–ˆâ–ˆâ–ˆâ–Š     [0m| 152/319 [13:40:17<14:43:37, 317.47s/it]
Volume_of_grey_matter_in_Subcallosal_Cortex_right:  48%|[33mâ–ˆâ–ˆâ–ˆâ–ˆâ–Š     [0m| 152/319 [13:40:17<14:43:37, 317.47s/it]
Volume_of_grey_matter_in_Subcallosal_Cortex_right:  48%|[33mâ–ˆâ–ˆâ–ˆâ–ˆâ–Š     [0m| 153/319 [13:45:37<14:39:53, 318.04s/it]
Volume_of_grey_matter_in_Superior_Frontal_Gyrus_left:  48%|[33mâ–ˆâ–ˆâ–ˆâ–ˆâ–Š     [0m| 153/319 [13:45:37<14:39:53, 318.04s/it]
Volume_of_grey_matter_in_Superior_Frontal_Gyrus_left:  48%|[33mâ–ˆâ–ˆâ–ˆâ–ˆâ–Š     [0m| 154/319 [13:50:56<14:35:18, 318.29s/it]
Volume_of_grey_matter_in_Superior_Frontal_Gyrus_right:  48%|[33mâ–ˆâ–ˆâ–ˆâ–ˆâ–Š     [0m| 154/319 [13:50:56<14:35:18, 318.29s/it]
Volume_of_grey_matter_in_Superior_Frontal_Gyrus_right:  49%|[33mâ–ˆâ–ˆâ–ˆâ–ˆâ–Š     [0m| 155/319 [13:56:15<14:30:59, 318.65s/it]
Volume_of_grey_matter_in_Superior_Parietal_Lobule_left:  49%|[33mâ–ˆâ–ˆâ–ˆâ–ˆâ–Š     [0m| 155/319 [13:56:15<14:30:59, 318.65s/it]
Volume_of_grey_matter_in_Superior_Parietal_Lobule_left:  49%|[33mâ–ˆâ–ˆâ–ˆâ–ˆâ–‰     [0m| 156/319 [14:01:34<14:25:27, 318.57s/it]
Volume_of_grey_matter_in_Superior_Parietal_Lobule_right:  49%|[33mâ–ˆâ–ˆâ–ˆâ–ˆâ–‰     [0m| 156/319 [14:01:34<14:25:27, 318.57s/it]
Volume_of_grey_matter_in_Superior_Parietal_Lobule_right:  49%|[33mâ–ˆâ–ˆâ–ˆâ–ˆâ–‰     [0m| 157/319 [14:06:53<14:20:50, 318.83s/it]
Volume_of_grey_matter_in_Superior_Temporal_Gyrus_anterior_division_left:  49%|[33mâ–ˆâ–ˆâ–ˆâ–ˆâ–‰     [0m| 157/319 [14:06:53<14:20:50, 318.83s/it]
Volume_of_grey_matter_in_Superior_Temporal_Gyrus_anterior_division_left:  50%|[33mâ–ˆâ–ˆâ–ˆâ–ˆâ–‰     [0m| 158/319 [14:12:13<14:16:14, 319.10s/it]
Volume_of_grey_matter_in_Superior_Temporal_Gyrus_anterior_division_right:  50%|[33mâ–ˆâ–ˆâ–ˆâ–ˆâ–‰     [0m| 158/319 [14:12:13<14:16:14, 319.10s/it]
Volume_of_grey_matter_in_Superior_Temporal_Gyrus_anterior_division_right:  50%|[33mâ–ˆâ–ˆâ–ˆâ–ˆâ–‰     [0m| 159/319 [14:17:33<14:11:44, 319.41s/it]
Volume_of_grey_matter_in_Superior_Temporal_Gyrus_posterior_division_left:  50%|[33mâ–ˆâ–ˆâ–ˆâ–ˆâ–‰     [0m| 159/319 [14:17:33<14:11:44, 319.41s/it]
Volume_of_grey_matter_in_Superior_Temporal_Gyrus_posterior_division_left:  50%|[33mâ–ˆâ–ˆâ–ˆâ–ˆâ–ˆ     [0m| 160/319 [14:22:53<14:07:20, 319.75s/it]
Volume_of_grey_matter_in_Superior_Temporal_Gyrus_posterior_division_right:  50%|[33mâ–ˆâ–ˆâ–ˆâ–ˆâ–ˆ     [0m| 160/319 [14:22:53<14:07:20, 319.75s/it]
Volume_of_grey_matter_in_Superior_Temporal_Gyrus_posterior_division_right:  50%|[33mâ–ˆâ–ˆâ–ˆâ–ˆâ–ˆ     [0m| 161/319 [14:28:15<14:03:37, 320.36s/it]
Volume_of_grey_matter_in_Supracalcarine_Cortex_left:  50%|[33mâ–ˆâ–ˆâ–ˆâ–ˆâ–ˆ     [0m| 161/319 [14:28:15<14:03:37, 320.36s/it]                      
Volume_of_grey_matter_in_Supracalcarine_Cortex_left:  51%|[33mâ–ˆâ–ˆâ–ˆâ–ˆâ–ˆ     [0m| 162/319 [14:33:40<14:01:39, 321.65s/it]
Volume_of_grey_matter_in_Supracalcarine_Cortex_right:  51%|[33mâ–ˆâ–ˆâ–ˆâ–ˆâ–ˆ     [0m| 162/319 [14:33:40<14:01:39, 321.65s/it]
Volume_of_grey_matter_in_Supracalcarine_Cortex_right:  51%|[33mâ–ˆâ–ˆâ–ˆâ–ˆâ–ˆ     [0m| 163/319 [14:39:01<13:55:42, 321.43s/it]
Volume_of_grey_matter_in_Supramarginal_Gyrus_anterior_division_left:  51%|[33mâ–ˆâ–ˆâ–ˆâ–ˆâ–ˆ     [0m| 163/319 [14:39:01<13:55:42, 321.43s/it]
Volume_of_grey_matter_in_Supramarginal_Gyrus_anterior_division_left:  51%|[33mâ–ˆâ–ˆâ–ˆâ–ˆâ–ˆâ–    [0m| 164/319 [14:44:22<13:50:19, 321.41s/it]
Volume_of_grey_matter_in_Supramarginal_Gyrus_anterior_division_right:  51%|[33mâ–ˆâ–ˆâ–ˆâ–ˆâ–ˆâ–    [0m| 164/319 [14:44:22<13:50:19, 321.41s/it]
Volume_of_grey_matter_in_Supramarginal_Gyrus_anterior_division_right:  52%|[33mâ–ˆâ–ˆâ–ˆâ–ˆâ–ˆâ–    [0m| 165/319 [14:49:44<13:45:29, 321.62s/it]
Volume_of_grey_matter_in_Supramarginal_Gyrus_posterior_division_left:  52%|[33mâ–ˆâ–ˆâ–ˆâ–ˆâ–ˆâ–    [0m| 165/319 [14:49:44<13:45:29, 321.62s/it]
Volume_of_grey_matter_in_Supramarginal_Gyrus_posterior_division_left:  52%|[33mâ–ˆâ–ˆâ–ˆâ–ˆâ–ˆâ–    [0m| 166/319 [14:55:07<13:40:52, 321.91s/it]
Volume_of_grey_matter_in_Supramarginal_Gyrus_posterior_division_right:  52%|[33mâ–ˆâ–ˆâ–ˆâ–ˆâ–ˆâ–    [0m| 166/319 [14:55:07<13:40:52, 321.91s/it]
Volume_of_grey_matter_in_Supramarginal_Gyrus_posterior_division_right:  52%|[33mâ–ˆâ–ˆâ–ˆâ–ˆâ–ˆâ–    [0m| 167/319 [15:00:30<13:36:22, 322.25s/it]
Volume_of_grey_matter_in_Temporal_Fusiform_Cortex_anterior_division_left:  52%|[33mâ–ˆâ–ˆâ–ˆâ–ˆâ–ˆâ–    [0m| 167/319 [15:00:30<13:36:22, 322.25s/it]
Volume_of_grey_matter_in_Temporal_Fusiform_Cortex_anterior_division_left:  53%|[33mâ–ˆâ–ˆâ–ˆâ–ˆâ–ˆâ–Ž    [0m| 168/319 [15:05:53<13:31:50, 322.59s/it]
Volume_of_grey_matter_in_Temporal_Fusiform_Cortex_anterior_division_right:  53%|[33mâ–ˆâ–ˆâ–ˆâ–ˆâ–ˆâ–Ž    [0m| 168/319 [15:05:53<13:31:50, 322.59s/it]
Volume_of_grey_matter_in_Temporal_Fusiform_Cortex_anterior_division_right:  53%|[33mâ–ˆâ–ˆâ–ˆâ–ˆâ–ˆâ–Ž    [0m| 169/319 [15:11:17<13:27:29, 323.00s/it]
Volume_of_grey_matter_in_Temporal_Fusiform_Cortex_posterior_division_left:  53%|[33mâ–ˆâ–ˆâ–ˆâ–ˆâ–ˆâ–Ž    [0m| 169/319 [15:11:17<13:27:29, 323.00s/it]
Volume_of_grey_matter_in_Temporal_Fusiform_Cortex_posterior_division_left:  53%|[33mâ–ˆâ–ˆâ–ˆâ–ˆâ–ˆâ–Ž    [0m| 170/319 [15:16:42<13:23:47, 323.67s/it]
Volume_of_grey_matter_in_Temporal_Fusiform_Cortex_posterior_division_right:  53%|[33mâ–ˆâ–ˆâ–ˆâ–ˆâ–ˆâ–Ž    [0m| 170/319 [15:16:42<13:23:47, 323.67s/it]
Volume_of_grey_matter_in_Temporal_Fusiform_Cortex_posterior_division_right:  54%|[33mâ–ˆâ–ˆâ–ˆâ–ˆâ–ˆâ–Ž    [0m| 171/319 [15:22:07<13:18:47, 323.83s/it]
Volume_of_grey_matter_in_Temporal_Occipital_Fusiform_Cortex_left:  54%|[33mâ–ˆâ–ˆâ–ˆâ–ˆâ–ˆâ–Ž    [0m| 171/319 [15:22:07<13:18:47, 323.83s/it]          
Volume_of_grey_matter_in_Temporal_Occipital_Fusiform_Cortex_left:  54%|[33mâ–ˆâ–ˆâ–ˆâ–ˆâ–ˆâ–    [0m| 172/319 [15:27:31<13:13:37, 323.93s/it]
Volume_of_grey_matter_in_Temporal_Occipital_Fusiform_Cortex_right:  54%|[33mâ–ˆâ–ˆâ–ˆâ–ˆâ–ˆâ–    [0m| 172/319 [15:27:31<13:13:37, 323.93s/it]
Volume_of_grey_matter_in_Temporal_Occipital_Fusiform_Cortex_right:  54%|[33mâ–ˆâ–ˆâ–ˆâ–ˆâ–ˆâ–    [0m| 173/319 [15:32:55<13:08:22, 323.99s/it]
Volume_of_grey_matter_in_Temporal_Pole_left:  54%|[33mâ–ˆâ–ˆâ–ˆâ–ˆâ–ˆâ–    [0m| 173/319 [15:32:55<13:08:22, 323.99s/it]                      
Volume_of_grey_matter_in_Temporal_Pole_left:  55%|[33mâ–ˆâ–ˆâ–ˆâ–ˆâ–ˆâ–    [0m| 174/319 [15:38:20<13:03:28, 324.20s/it]
Volume_of_grey_matter_in_Temporal_Pole_right:  55%|[33mâ–ˆâ–ˆâ–ˆâ–ˆâ–ˆâ–    [0m| 174/319 [15:38:20<13:03:28, 324.20s/it]
Volume_of_grey_matter_in_Temporal_Pole_right:  55%|[33mâ–ˆâ–ˆâ–ˆâ–ˆâ–ˆâ–    [0m| 175/319 [15:43:44<12:58:28, 324.37s/it]
Volume_of_grey_matter_in_Thalamus_left:  55%|[33mâ–ˆâ–ˆâ–ˆâ–ˆâ–ˆâ–    [0m| 175/319 [15:43:44<12:58:28, 324.37s/it]      
Volume_of_grey_matter_in_Thalamus_left:  55%|[33mâ–ˆâ–ˆâ–ˆâ–ˆâ–ˆâ–Œ    [0m| 176/319 [15:49:10<12:53:48, 324.68s/it]
Volume_of_grey_matter_in_Thalamus_right:  55%|[33mâ–ˆâ–ˆâ–ˆâ–ˆâ–ˆâ–Œ    [0m| 176/319 [15:49:10<12:53:48, 324.68s/it]
Volume_of_grey_matter_in_Thalamus_right:  55%|[33mâ–ˆâ–ˆâ–ˆâ–ˆâ–ˆâ–Œ    [0m| 177/319 [15:54:35<12:48:26, 324.69s/it]
Volume_of_grey_matter_in_V_Cerebellum_left:  55%|[33mâ–ˆâ–ˆâ–ˆâ–ˆâ–ˆâ–Œ    [0m| 177/319 [15:54:35<12:48:26, 324.69s/it]
Volume_of_grey_matter_in_V_Cerebellum_left:  56%|[33mâ–ˆâ–ˆâ–ˆâ–ˆâ–ˆâ–Œ    [0m| 178/319 [16:00:00<12:43:22, 324.84s/it]
Volume_of_grey_matter_in_V_Cerebellum_right:  56%|[33mâ–ˆâ–ˆâ–ˆâ–ˆâ–ˆâ–Œ    [0m| 178/319 [16:00:00<12:43:22, 324.84s/it]
Volume_of_grey_matter_in_V_Cerebellum_right:  56%|[33mâ–ˆâ–ˆâ–ˆâ–ˆâ–ˆâ–Œ    [0m| 179/319 [16:05:26<12:39:00, 325.29s/it]
Volume_of_grey_matter_in_VI_Cerebellum_left:  56%|[33mâ–ˆâ–ˆâ–ˆâ–ˆâ–ˆâ–Œ    [0m| 179/319 [16:05:26<12:39:00, 325.29s/it]
Volume_of_grey_matter_in_VI_Cerebellum_left:  56%|[33mâ–ˆâ–ˆâ–ˆâ–ˆâ–ˆâ–‹    [0m| 180/319 [16:10:53<12:34:41, 325.77s/it]
Volume_of_grey_matter_in_VI_Cerebellum_right:  56%|[33mâ–ˆâ–ˆâ–ˆâ–ˆâ–ˆâ–‹    [0m| 180/319 [16:10:53<12:34:41, 325.77s/it]
Volume_of_grey_matter_in_VI_Cerebellum_right:  57%|[33mâ–ˆâ–ˆâ–ˆâ–ˆâ–ˆâ–‹    [0m| 181/319 [16:16:20<12:30:29, 326.30s/it]
Volume_of_grey_matter_in_VI_Cerebellum_vermis:  57%|[33mâ–ˆâ–ˆâ–ˆâ–ˆâ–ˆâ–‹    [0m| 181/319 [16:16:20<12:30:29, 326.30s/it]
Volume_of_grey_matter_in_VI_Cerebellum_vermis:  57%|[33mâ–ˆâ–ˆâ–ˆâ–ˆâ–ˆâ–‹    [0m| 182/319 [16:21:49<12:26:28, 326.92s/it]
Volume_of_grey_matter_in_VIIIa_Cerebellum_left:  57%|[33mâ–ˆâ–ˆâ–ˆâ–ˆâ–ˆâ–‹    [0m| 182/319 [16:21:49<12:26:28, 326.92s/it]
Volume_of_grey_matter_in_VIIIa_Cerebellum_left:  57%|[33mâ–ˆâ–ˆâ–ˆâ–ˆâ–ˆâ–‹    [0m| 183/319 [16:27:18<12:22:29, 327.57s/it]
Volume_of_grey_matter_in_VIIIa_Cerebellum_right:  57%|[33mâ–ˆâ–ˆâ–ˆâ–ˆâ–ˆâ–‹    [0m| 183/319 [16:27:18<12:22:29, 327.57s/it]
Volume_of_grey_matter_in_VIIIa_Cerebellum_right:  58%|[33mâ–ˆâ–ˆâ–ˆâ–ˆâ–ˆâ–Š    [0m| 184/319 [16:32:47<12:18:13, 328.10s/it]
Volume_of_grey_matter_in_VIIIa_Cerebellum_vermis:  58%|[33mâ–ˆâ–ˆâ–ˆâ–ˆâ–ˆâ–Š    [0m| 184/319 [16:32:47<12:18:13, 328.10s/it]
Volume_of_grey_matter_in_VIIIa_Cerebellum_vermis:  58%|[33mâ–ˆâ–ˆâ–ˆâ–ˆâ–ˆâ–Š    [0m| 185/319 [16:38:16<12:13:04, 328.25s/it]
Volume_of_grey_matter_in_VIIIb_Cerebellum_left:  58%|[33mâ–ˆâ–ˆâ–ˆâ–ˆâ–ˆâ–Š    [0m| 185/319 [16:38:16<12:13:04, 328.25s/it]  
Volume_of_grey_matter_in_VIIIb_Cerebellum_left:  58%|[33mâ–ˆâ–ˆâ–ˆâ–ˆâ–ˆâ–Š    [0m| 186/319 [16:43:45<12:08:06, 328.47s/it]
Volume_of_grey_matter_in_VIIIb_Cerebellum_right:  58%|[33mâ–ˆâ–ˆâ–ˆâ–ˆâ–ˆâ–Š    [0m| 186/319 [16:43:45<12:08:06, 328.47s/it]
Volume_of_grey_matter_in_VIIIb_Cerebellum_right:  59%|[33mâ–ˆâ–ˆâ–ˆâ–ˆâ–ˆâ–Š    [0m| 187/319 [16:49:15<12:03:38, 328.93s/it]
Volume_of_grey_matter_in_VIIIb_Cerebellum_vermis:  59%|[33mâ–ˆâ–ˆâ–ˆâ–ˆâ–ˆâ–Š    [0m| 187/319 [16:49:15<12:03:38, 328.93s/it]
Volume_of_grey_matter_in_VIIIb_Cerebellum_vermis:  59%|[33mâ–ˆâ–ˆâ–ˆâ–ˆâ–ˆâ–‰    [0m| 188/319 [16:54:45<11:58:55, 329.28s/it]
Volume_of_grey_matter_in_VIIb_Cerebellum_left:  59%|[33mâ–ˆâ–ˆâ–ˆâ–ˆâ–ˆâ–‰    [0m| 188/319 [16:54:45<11:58:55, 329.28s/it]   
Volume_of_grey_matter_in_VIIb_Cerebellum_left:  59%|[33mâ–ˆâ–ˆâ–ˆâ–ˆâ–ˆâ–‰    [0m| 189/319 [17:00:15<11:53:39, 329.38s/it]
Volume_of_grey_matter_in_VIIb_Cerebellum_right:  59%|[33mâ–ˆâ–ˆâ–ˆâ–ˆâ–ˆâ–‰    [0m| 189/319 [17:00:15<11:53:39, 329.38s/it]
Volume_of_grey_matter_in_VIIb_Cerebellum_right:  60%|[33mâ–ˆâ–ˆâ–ˆâ–ˆâ–ˆâ–‰    [0m| 190/319 [17:05:46<11:49:40, 330.08s/it]
Volume_of_grey_matter_in_VIIb_Cerebellum_vermis:  60%|[33mâ–ˆâ–ˆâ–ˆâ–ˆâ–ˆâ–‰    [0m| 190/319 [17:05:46<11:49:40, 330.08s/it]
Volume_of_grey_matter_in_VIIb_Cerebellum_vermis:  60%|[33mâ–ˆâ–ˆâ–ˆâ–ˆâ–ˆâ–‰    [0m| 191/319 [17:11:16<11:44:16, 330.13s/it]
Volume_of_grey_matter_in_Ventral_Striatum_left:  60%|[33mâ–ˆâ–ˆâ–ˆâ–ˆâ–ˆâ–‰    [0m| 191/319 [17:11:16<11:44:16, 330.13s/it] 
Volume_of_grey_matter_in_Ventral_Striatum_left:  60%|[33mâ–ˆâ–ˆâ–ˆâ–ˆâ–ˆâ–ˆ    [0m| 192/319 [17:16:48<11:39:21, 330.40s/it]
Volume_of_grey_matter_in_Ventral_Striatum_right:  60%|[33mâ–ˆâ–ˆâ–ˆâ–ˆâ–ˆâ–ˆ    [0m| 192/319 [17:16:48<11:39:21, 330.40s/it]
Volume_of_grey_matter_in_Ventral_Striatum_right:  61%|[33mâ–ˆâ–ˆâ–ˆâ–ˆâ–ˆâ–ˆ    [0m| 193/319 [17:22:20<11:34:54, 330.91s/it]
Volume_of_grey_matter_in_X_Cerebellum_left:  61%|[33mâ–ˆâ–ˆâ–ˆâ–ˆâ–ˆâ–ˆ    [0m| 193/319 [17:22:20<11:34:54, 330.91s/it]     
Volume_of_grey_matter_in_X_Cerebellum_left:  61%|[33mâ–ˆâ–ˆâ–ˆâ–ˆâ–ˆâ–ˆ    [0m| 194/319 [17:27:52<11:30:11, 331.29s/it]
Volume_of_grey_matter_in_X_Cerebellum_vermis:  61%|[33mâ–ˆâ–ˆâ–ˆâ–ˆâ–ˆâ–ˆ    [0m| 194/319 [17:27:52<11:30:11, 331.29s/it]
Volume_of_grey_matter_in_X_Cerebellum_vermis:  61%|[33mâ–ˆâ–ˆâ–ˆâ–ˆâ–ˆâ–ˆ    [0m| 195/319 [17:33:24<11:25:26, 331.67s/it]
Volume_of_grey_matter_in_X_Cerebellum_right:  61%|[33mâ–ˆâ–ˆâ–ˆâ–ˆâ–ˆâ–ˆ    [0m| 195/319 [17:33:24<11:25:26, 331.67s/it] 
Volume_of_grey_matter_in_X_Cerebellum_right:  61%|[33mâ–ˆâ–ˆâ–ˆâ–ˆâ–ˆâ–ˆâ–   [0m| 196/319 [17:38:57<11:20:45, 332.07s/it]
Total_volume_of_white_matter_hyperintensities_from_T1_and_T2_FLAIR_images:  61%|[33mâ–ˆâ–ˆâ–ˆâ–ˆâ–ˆâ–ˆâ–   [0m| 196/319 [17:38:57<11:20:45, 332.07s/it]
Total_volume_of_white_matter_hyperintensities_from_T1_and_T2_FLAIR_images:  62%|[33mâ–ˆâ–ˆâ–ˆâ–ˆâ–ˆâ–ˆâ–   [0m| 197/319 [17:44:31<11:15:55, 332.42s/it]
Alcohol_intake_frequency:  62%|[33mâ–ˆâ–ˆâ–ˆâ–ˆâ–ˆâ–ˆâ–   [0m| 197/319 [17:44:31<11:15:55, 332.42s/it]                                                 
Alcohol_intake_frequency:  62%|[33mâ–ˆâ–ˆâ–ˆâ–ˆâ–ˆâ–ˆâ–   [0m| 198/319 [17:50:03<11:10:13, 332.35s/it]
Average_weekly_red_wine_intake:  62%|[33mâ–ˆâ–ˆâ–ˆâ–ˆâ–ˆâ–ˆâ–   [0m| 198/319 [17:50:03<11:10:13, 332.35s/it]
Average_weekly_red_wine_intake:  62%|[33mâ–ˆâ–ˆâ–ˆâ–ˆâ–ˆâ–ˆâ–   [0m| 199/319 [17:55:35<11:04:51, 332.43s/it]
Average_weekly_champagne_plus_white_wine_intake:  62%|[33mâ–ˆâ–ˆâ–ˆâ–ˆâ–ˆâ–ˆâ–   [0m| 199/319 [17:55:35<11:04:51, 332.43s/it]
Average_weekly_champagne_plus_white_wine_intake:  63%|[33mâ–ˆâ–ˆâ–ˆâ–ˆâ–ˆâ–ˆâ–Ž   [0m| 200/319 [18:01:08<10:59:32, 332.54s/it]
Average_weekly_beer_plus_cider_intake:  63%|[33mâ–ˆâ–ˆâ–ˆâ–ˆâ–ˆâ–ˆâ–Ž   [0m| 200/319 [18:01:08<10:59:32, 332.54s/it]          
Average_weekly_beer_plus_cider_intake:  63%|[33mâ–ˆâ–ˆâ–ˆâ–ˆâ–ˆâ–ˆâ–Ž   [0m| 201/319 [18:06:41<10:54:22, 332.73s/it]
Average_weekly_spirits_intake:  63%|[33mâ–ˆâ–ˆâ–ˆâ–ˆâ–ˆâ–ˆâ–Ž   [0m| 201/319 [18:06:41<10:54:22, 332.73s/it]        
Average_weekly_spirits_intake:  63%|[33mâ–ˆâ–ˆâ–ˆâ–ˆâ–ˆâ–ˆâ–Ž   [0m| 202/319 [18:12:15<10:49:19, 332.99s/it]
Average_weekly_fortified_wine_intake:  63%|[33mâ–ˆâ–ˆâ–ˆâ–ˆâ–ˆâ–ˆâ–Ž   [0m| 202/319 [18:12:15<10:49:19, 332.99s/it]
Average_weekly_fortified_wine_intake:  64%|[33mâ–ˆâ–ˆâ–ˆâ–ˆâ–ˆâ–ˆâ–Ž   [0m| 203/319 [18:17:48<10:44:00, 333.11s/it]
Alcohol_drinker_status:  64%|[33mâ–ˆâ–ˆâ–ˆâ–ˆâ–ˆâ–ˆâ–Ž   [0m| 203/319 [18:17:48<10:44:00, 333.11s/it]              
Alcohol_drinker_status:  64%|[33mâ–ˆâ–ˆâ–ˆâ–ˆâ–ˆâ–ˆâ–   [0m| 204/319 [18:31:39<15:24:19, 482.25s/it]
Pulse_wave_reflection_index:  64%|[33mâ–ˆâ–ˆâ–ˆâ–ˆâ–ˆâ–ˆâ–   [0m| 204/319 [18:31:39<15:24:19, 482.25s/it]
Pulse_wave_reflection_index:  64%|[33mâ–ˆâ–ˆâ–ˆâ–ˆâ–ˆâ–ˆâ–   [0m| 205/319 [18:37:21<13:56:28, 440.25s/it]
Pulse_wave_peak_to_peak_time:  64%|[33mâ–ˆâ–ˆâ–ˆâ–ˆâ–ˆâ–ˆâ–   [0m| 205/319 [18:37:21<13:56:28, 440.25s/it]
Pulse_wave_peak_to_peak_time:  65%|[33mâ–ˆâ–ˆâ–ˆâ–ˆâ–ˆâ–ˆâ–   [0m| 206/319 [18:43:02<12:52:54, 410.39s/it]
Pulse_wave_Arterial_Stiffness_index:  65%|[33mâ–ˆâ–ˆâ–ˆâ–ˆâ–ˆâ–ˆâ–   [0m| 206/319 [18:43:02<12:52:54, 410.39s/it]
Pulse_wave_Arterial_Stiffness_index:  65%|[33mâ–ˆâ–ˆâ–ˆâ–ˆâ–ˆâ–ˆâ–   [0m| 207/319 [18:48:43<12:07:27, 389.71s/it]
Cholesterol:  65%|[33mâ–ˆâ–ˆâ–ˆâ–ˆâ–ˆâ–ˆâ–   [0m| 207/319 [18:48:43<12:07:27, 389.71s/it]                        
Cholesterol:  65%|[33mâ–ˆâ–ˆâ–ˆâ–ˆâ–ˆâ–ˆâ–Œ   [0m| 208/319 [18:54:25<11:34:24, 375.36s/it]
Glucose:  65%|[33mâ–ˆâ–ˆâ–ˆâ–ˆâ–ˆâ–ˆâ–Œ   [0m| 208/319 [18:54:25<11:34:24, 375.36s/it]    
Glucose:  66%|[33mâ–ˆâ–ˆâ–ˆâ–ˆâ–ˆâ–ˆâ–Œ   [0m| 209/319 [19:00:08<11:10:10, 365.55s/it]
Glycated_haemoglobin_HbA1c:  66%|[33mâ–ˆâ–ˆâ–ˆâ–ˆâ–ˆâ–ˆâ–Œ   [0m| 209/319 [19:00:08<11:10:10, 365.55s/it]
Glycated_haemoglobin_HbA1c:  66%|[33mâ–ˆâ–ˆâ–ˆâ–ˆâ–ˆâ–ˆâ–Œ   [0m| 210/319 [19:05:50<10:51:32, 358.65s/it]
HDL_cholesterol:  66%|[33mâ–ˆâ–ˆâ–ˆâ–ˆâ–ˆâ–ˆâ–Œ   [0m| 210/319 [19:05:50<10:51:32, 358.65s/it]           
HDL_cholesterol:  66%|[33mâ–ˆâ–ˆâ–ˆâ–ˆâ–ˆâ–ˆâ–Œ   [0m| 211/319 [19:11:34<10:37:26, 354.13s/it]
LDL_direct:  66%|[33mâ–ˆâ–ˆâ–ˆâ–ˆâ–ˆâ–ˆâ–Œ   [0m| 211/319 [19:11:34<10:37:26, 354.13s/it]     
LDL_direct:  66%|[33mâ–ˆâ–ˆâ–ˆâ–ˆâ–ˆâ–ˆâ–‹   [0m| 212/319 [19:17:18<10:26:03, 351.06s/it]
Triglycerides:  66%|[33mâ–ˆâ–ˆâ–ˆâ–ˆâ–ˆâ–ˆâ–‹   [0m| 212/319 [19:17:18<10:26:03, 351.06s/it]
Triglycerides:  67%|[33mâ–ˆâ–ˆâ–ˆâ–ˆâ–ˆâ–ˆâ–‹   [0m| 213/319 [19:23:01<10:16:10, 348.78s/it]
Pulse_rate_automated_reading:  67%|[33mâ–ˆâ–ˆâ–ˆâ–ˆâ–ˆâ–ˆâ–‹   [0m| 213/319 [19:23:01<10:16:10, 348.78s/it]
Pulse_rate_automated_reading:  67%|[33mâ–ˆâ–ˆâ–ˆâ–ˆâ–ˆâ–ˆâ–‹   [0m| 214/319 [19:28:44<10:07:27, 347.12s/it]
Diastolic_blood_pressure_automated_reading:  67%|[33mâ–ˆâ–ˆâ–ˆâ–ˆâ–ˆâ–ˆâ–‹   [0m| 214/319 [19:28:44<10:07:27, 347.12s/it]
Diastolic_blood_pressure_automated_reading:  67%|[33mâ–ˆâ–ˆâ–ˆâ–ˆâ–ˆâ–ˆâ–‹   [0m| 215/319 [19:34:29<10:00:23, 346.38s/it]
Systolic_blood_pressure_automated_reading:  67%|[33mâ–ˆâ–ˆâ–ˆâ–ˆâ–ˆâ–ˆâ–‹   [0m| 215/319 [19:34:29<10:00:23, 346.38s/it] 
Systolic_blood_pressure_automated_reading:  68%|[33mâ–ˆâ–ˆâ–ˆâ–ˆâ–ˆâ–ˆâ–Š   [0m| 216/319 [19:40:13<9:53:32, 345.76s/it] 
Cancer_diagnosed_by_doctor:  68%|[33mâ–ˆâ–ˆâ–ˆâ–ˆâ–ˆâ–ˆâ–Š   [0m| 216/319 [19:40:13<9:53:32, 345.76s/it]               
Cancer_diagnosed_by_doctor:  68%|[33mâ–ˆâ–ˆâ–ˆâ–ˆâ–ˆâ–ˆâ–Š   [0m| 217/319 [19:54:17<14:01:58, 495.28s/it]
Minimum_carotid_IMT_intima_medial_thickness_at_120_degrees:  68%|[33mâ–ˆâ–ˆâ–ˆâ–ˆâ–ˆâ–ˆâ–Š   [0m| 217/319 [19:54:17<14:01:58, 495.28s/it]
Minimum_carotid_IMT_intima_medial_thickness_at_120_degrees:  68%|[33mâ–ˆâ–ˆâ–ˆâ–ˆâ–ˆâ–ˆâ–Š   [0m| 218/319 [20:00:10<12:41:32, 452.40s/it]
Mean_carotid_IMT_intima_medial_thickness_at_120_degrees:  68%|[33mâ–ˆâ–ˆâ–ˆâ–ˆâ–ˆâ–ˆâ–Š   [0m| 218/319 [20:00:10<12:41:32, 452.40s/it]   
Mean_carotid_IMT_intima_medial_thickness_at_120_degrees:  69%|[33mâ–ˆâ–ˆâ–ˆâ–ˆâ–ˆâ–ˆâ–Š   [0m| 219/319 [20:06:02<11:43:45, 422.25s/it]
Maximum_carotid_IMT_intima_medial_thickness_at_120_degrees:  69%|[33mâ–ˆâ–ˆâ–ˆâ–ˆâ–ˆâ–ˆâ–Š   [0m| 219/319 [20:06:02<11:43:45, 422.25s/it]
Maximum_carotid_IMT_intima_medial_thickness_at_120_degrees:  69%|[33mâ–ˆâ–ˆâ–ˆâ–ˆâ–ˆâ–ˆâ–‰   [0m| 220/319 [20:11:54<11:01:59, 401.20s/it]
Minimum_carotid_IMT_intima_medial_thickness_at_150_degrees:  69%|[33mâ–ˆâ–ˆâ–ˆâ–ˆâ–ˆâ–ˆâ–‰   [0m| 220/319 [20:11:54<11:01:59, 401.20s/it]
Minimum_carotid_IMT_intima_medial_thickness_at_150_degrees:  69%|[33mâ–ˆâ–ˆâ–ˆâ–ˆâ–ˆâ–ˆâ–‰   [0m| 221/319 [20:17:48<10:32:16, 387.11s/it]
Mean_carotid_IMT_intima_medial_thickness_at_150_degrees:  69%|[33mâ–ˆâ–ˆâ–ˆâ–ˆâ–ˆâ–ˆâ–‰   [0m| 221/319 [20:17:48<10:32:16, 387.11s/it]   
Mean_carotid_IMT_intima_medial_thickness_at_150_degrees:  70%|[33mâ–ˆâ–ˆâ–ˆâ–ˆâ–ˆâ–ˆâ–‰   [0m| 222/319 [20:23:41<10:09:14, 376.85s/it]
Maximum_carotid_IMT_intima_medial_thickness_at_150_degrees:  70%|[33mâ–ˆâ–ˆâ–ˆâ–ˆâ–ˆâ–ˆâ–‰   [0m| 222/319 [20:23:41<10:09:14, 376.85s/it]
Maximum_carotid_IMT_intima_medial_thickness_at_150_degrees:  70%|[33mâ–ˆâ–ˆâ–ˆâ–ˆâ–ˆâ–ˆâ–‰   [0m| 223/319 [20:29:34<9:51:36, 369.75s/it] 
Minimum_carotid_IMT_intima_medial_thickness_at_210_degrees:  70%|[33mâ–ˆâ–ˆâ–ˆâ–ˆâ–ˆâ–ˆâ–‰   [0m| 223/319 [20:29:34<9:51:36, 369.75s/it]
Minimum_carotid_IMT_intima_medial_thickness_at_210_degrees:  70%|[33mâ–ˆâ–ˆâ–ˆâ–ˆâ–ˆâ–ˆâ–ˆ   [0m| 224/319 [20:35:29<9:38:15, 365.21s/it]
Mean_carotid_IMT_intima_medial_thickness_at_210_degrees:  70%|[33mâ–ˆâ–ˆâ–ˆâ–ˆâ–ˆâ–ˆâ–ˆ   [0m| 224/319 [20:35:29<9:38:15, 365.21s/it]   
Mean_carotid_IMT_intima_medial_thickness_at_210_degrees:  71%|[33mâ–ˆâ–ˆâ–ˆâ–ˆâ–ˆâ–ˆâ–ˆ   [0m| 225/319 [20:41:25<9:28:04, 362.60s/it]
Maximum_carotid_IMT_intima_medial_thickness_at_210_degrees:  71%|[33mâ–ˆâ–ˆâ–ˆâ–ˆâ–ˆâ–ˆâ–ˆ   [0m| 225/319 [20:41:25<9:28:04, 362.60s/it]
Maximum_carotid_IMT_intima_medial_thickness_at_210_degrees:  71%|[33mâ–ˆâ–ˆâ–ˆâ–ˆâ–ˆâ–ˆâ–ˆ   [0m| 226/319 [20:47:20<9:18:28, 360.30s/it]
Minimum_carotid_IMT_intima_medial_thickness_at_240_degrees:  71%|[33mâ–ˆâ–ˆâ–ˆâ–ˆâ–ˆâ–ˆâ–ˆ   [0m| 226/319 [20:47:20<9:18:28, 360.30s/it]
Minimum_carotid_IMT_intima_medial_thickness_at_240_degrees:  71%|[33mâ–ˆâ–ˆâ–ˆâ–ˆâ–ˆâ–ˆâ–ˆ   [0m| 227/319 [20:53:15<9:09:57, 358.67s/it]
Mean_carotid_IMT_intima_medial_thickness_at_240_degrees:  71%|[33mâ–ˆâ–ˆâ–ˆâ–ˆâ–ˆâ–ˆâ–ˆ   [0m| 227/319 [20:53:15<9:09:57, 358.67s/it]   
Mean_carotid_IMT_intima_medial_thickness_at_240_degrees:  71%|[33mâ–ˆâ–ˆâ–ˆâ–ˆâ–ˆâ–ˆâ–ˆâ–  [0m| 228/319 [20:59:09<9:01:53, 357.29s/it]
Maximum_carotid_IMT_intima_medial_thickness_at_240_degrees:  71%|[33mâ–ˆâ–ˆâ–ˆâ–ˆâ–ˆâ–ˆâ–ˆâ–  [0m| 228/319 [20:59:09<9:01:53, 357.29s/it]
Maximum_carotid_IMT_intima_medial_thickness_at_240_degrees:  72%|[33mâ–ˆâ–ˆâ–ˆâ–ˆâ–ˆâ–ˆâ–ˆâ–  [0m| 229/319 [21:05:05<8:55:08, 356.76s/it]
Leg_pain_on_walking:  72%|[33mâ–ˆâ–ˆâ–ˆâ–ˆâ–ˆâ–ˆâ–ˆâ–  [0m| 229/319 [21:05:05<8:55:08, 356.76s/it]                                       
Leg_pain_on_walking:  72%|[33mâ–ˆâ–ˆâ–ˆâ–ˆâ–ˆâ–ˆâ–ˆâ–  [0m| 230/319 [21:20:00<12:48:58, 518.41s/it]
Vascular_heart_problems_diagnosed_by_doctor:  72%|[33mâ–ˆâ–ˆâ–ˆâ–ˆâ–ˆâ–ˆâ–ˆâ–  [0m| 230/319 [21:20:00<12:48:58, 518.41s/it]
Vascular_heart_problems_diagnosed_by_doctor:  72%|[33mâ–ˆâ–ˆâ–ˆâ–ˆâ–ˆâ–ˆâ–ˆâ–  [0m| 231/319 [21:36:52<16:17:27, 666.45s/it]
Diabetes_diagnosed_by_doctor:  72%|[33mâ–ˆâ–ˆâ–ˆâ–ˆâ–ˆâ–ˆâ–ˆâ–  [0m| 231/319 [21:36:52<16:17:27, 666.45s/it]               
Diabetes_diagnosed_by_doctor:  73%|[33mâ–ˆâ–ˆâ–ˆâ–ˆâ–ˆâ–ˆâ–ˆâ–Ž  [0m| 232/319 [21:52:12<17:56:25, 742.36s/it]
Cooked_vegetable_intake:  73%|[33mâ–ˆâ–ˆâ–ˆâ–ˆâ–ˆâ–ˆâ–ˆâ–Ž  [0m| 232/319 [21:52:12<17:56:25, 742.36s/it]     
Cooked_vegetable_intake:  73%|[33mâ–ˆâ–ˆâ–ˆâ–ˆâ–ˆâ–ˆâ–ˆâ–Ž  [0m| 233/319 [21:58:28<15:06:50, 632.68s/it]
Salad_or_raw_vegetable_intake:  73%|[33mâ–ˆâ–ˆâ–ˆâ–ˆâ–ˆâ–ˆâ–ˆâ–Ž  [0m| 233/319 [21:58:28<15:06:50, 632.68s/it]
Salad_or_raw_vegetable_intake:  73%|[33mâ–ˆâ–ˆâ–ˆâ–ˆâ–ˆâ–ˆâ–ˆâ–Ž  [0m| 234/319 [22:04:46<13:07:58, 556.22s/it]
Fresh_fruit_intake:  73%|[33mâ–ˆâ–ˆâ–ˆâ–ˆâ–ˆâ–ˆâ–ˆâ–Ž  [0m| 234/319 [22:04:46<13:07:58, 556.22s/it]           
Fresh_fruit_intake:  74%|[33mâ–ˆâ–ˆâ–ˆâ–ˆâ–ˆâ–ˆâ–ˆâ–Ž  [0m| 235/319 [22:11:05<11:44:01, 502.88s/it]
Dried_fruit_intake:  74%|[33mâ–ˆâ–ˆâ–ˆâ–ˆâ–ˆâ–ˆâ–ˆâ–Ž  [0m| 235/319 [22:11:05<11:44:01, 502.88s/it]
Dried_fruit_intake:  74%|[33mâ–ˆâ–ˆâ–ˆâ–ˆâ–ˆâ–ˆâ–ˆâ–  [0m| 236/319 [22:17:22<10:43:33, 465.23s/it]
Oily_fish_intake:  74%|[33mâ–ˆâ–ˆâ–ˆâ–ˆâ–ˆâ–ˆâ–ˆâ–  [0m| 236/319 [22:17:22<10:43:33, 465.23s/it]  
Oily_fish_intake:  74%|[33mâ–ˆâ–ˆâ–ˆâ–ˆâ–ˆâ–ˆâ–ˆâ–  [0m| 237/319 [22:23:40<10:00:08, 439.13s/it]
Non_oily_fish_intake:  74%|[33mâ–ˆâ–ˆâ–ˆâ–ˆâ–ˆâ–ˆâ–ˆâ–  [0m| 237/319 [22:23:40<10:00:08, 439.13s/it]
Non_oily_fish_intake:  75%|[33mâ–ˆâ–ˆâ–ˆâ–ˆâ–ˆâ–ˆâ–ˆâ–  [0m| 238/319 [22:29:59<9:28:32, 421.14s/it] 
Processed_meat_intake:  75%|[33mâ–ˆâ–ˆâ–ˆâ–ˆâ–ˆâ–ˆâ–ˆâ–  [0m| 238/319 [22:29:59<9:28:32, 421.14s/it]
Processed_meat_intake:  75%|[33mâ–ˆâ–ˆâ–ˆâ–ˆâ–ˆâ–ˆâ–ˆâ–  [0m| 239/319 [22:36:19<9:04:49, 408.62s/it]
Poultry_intake:  75%|[33mâ–ˆâ–ˆâ–ˆâ–ˆâ–ˆâ–ˆâ–ˆâ–  [0m| 239/319 [22:36:19<9:04:49, 408.62s/it]       
Poultry_intake:  75%|[33mâ–ˆâ–ˆâ–ˆâ–ˆâ–ˆâ–ˆâ–ˆâ–Œ  [0m| 240/319 [22:42:38<8:46:19, 399.74s/it]
Beef_intake:  75%|[33mâ–ˆâ–ˆâ–ˆâ–ˆâ–ˆâ–ˆâ–ˆâ–Œ  [0m| 240/319 [22:42:38<8:46:19, 399.74s/it]   
Beef_intake:  76%|[33mâ–ˆâ–ˆâ–ˆâ–ˆâ–ˆâ–ˆâ–ˆâ–Œ  [0m| 241/319 [22:48:58<8:31:53, 393.77s/it]
Lambormutton_intake:  76%|[33mâ–ˆâ–ˆâ–ˆâ–ˆâ–ˆâ–ˆâ–ˆâ–Œ  [0m| 241/319 [22:48:58<8:31:53, 393.77s/it]
Lambormutton_intake:  76%|[33mâ–ˆâ–ˆâ–ˆâ–ˆâ–ˆâ–ˆâ–ˆâ–Œ  [0m| 242/319 [22:55:18<8:20:16, 389.82s/it]
Pork_intake:  76%|[33mâ–ˆâ–ˆâ–ˆâ–ˆâ–ˆâ–ˆâ–ˆâ–Œ  [0m| 242/319 [22:55:18<8:20:16, 389.82s/it]        
Pork_intake:  76%|[33mâ–ˆâ–ˆâ–ˆâ–ˆâ–ˆâ–ˆâ–ˆâ–Œ  [0m| 243/319 [23:01:39<8:10:11, 386.99s/it]
Cheese_intake:  76%|[33mâ–ˆâ–ˆâ–ˆâ–ˆâ–ˆâ–ˆâ–ˆâ–Œ  [0m| 243/319 [23:01:39<8:10:11, 386.99s/it]
Cheese_intake:  76%|[33mâ–ˆâ–ˆâ–ˆâ–ˆâ–ˆâ–ˆâ–ˆâ–‹  [0m| 244/319 [23:08:00<8:01:41, 385.35s/it]
Milk_type_used:  76%|[33mâ–ˆâ–ˆâ–ˆâ–ˆâ–ˆâ–ˆâ–ˆâ–‹  [0m| 244/319 [23:08:00<8:01:41, 385.35s/it]
Milk_type_used:  77%|[33mâ–ˆâ–ˆâ–ˆâ–ˆâ–ˆâ–ˆâ–ˆâ–‹  [0m| 245/319 [23:24:11<11:31:49, 560.94s/it]
Spread_type:  77%|[33mâ–ˆâ–ˆâ–ˆâ–ˆâ–ˆâ–ˆâ–ˆâ–‹  [0m| 245/319 [23:24:11<11:31:49, 560.94s/it]   
Spread_type:  77%|[33mâ–ˆâ–ˆâ–ˆâ–ˆâ–ˆâ–ˆâ–ˆâ–‹  [0m| 246/319 [23:40:45<14:00:27, 690.79s/it]
Bread_intake:  77%|[33mâ–ˆâ–ˆâ–ˆâ–ˆâ–ˆâ–ˆâ–ˆâ–‹  [0m| 246/319 [23:40:45<14:00:27, 690.79s/it]
Bread_intake:  77%|[33mâ–ˆâ–ˆâ–ˆâ–ˆâ–ˆâ–ˆâ–ˆâ–‹  [0m| 247/319 [23:47:20<12:02:35, 602.16s/it]
Bread_type:  77%|[33mâ–ˆâ–ˆâ–ˆâ–ˆâ–ˆâ–ˆâ–ˆâ–‹  [0m| 247/319 [23:47:20<12:02:35, 602.16s/it]  
Bread_type:  78%|[33mâ–ˆâ–ˆâ–ˆâ–ˆâ–ˆâ–ˆâ–ˆâ–Š  [0m| 248/319 [24:04:33<14:25:33, 731.46s/it]
Cereal_intake:  78%|[33mâ–ˆâ–ˆâ–ˆâ–ˆâ–ˆâ–ˆâ–ˆâ–Š  [0m| 248/319 [24:04:33<14:25:33, 731.46s/it]
Cereal_intake:  78%|[33mâ–ˆâ–ˆâ–ˆâ–ˆâ–ˆâ–ˆâ–ˆâ–Š  [0m| 249/319 [24:11:16<12:18:29, 632.99s/it]
Cereal_type:  78%|[33mâ–ˆâ–ˆâ–ˆâ–ˆâ–ˆâ–ˆâ–ˆâ–Š  [0m| 249/319 [24:11:16<12:18:29, 632.99s/it]  
Cereal_type:  78%|[33mâ–ˆâ–ˆâ–ˆâ–ˆâ–ˆâ–ˆâ–ˆâ–Š  [0m| 250/319 [24:25:00<13:13:38, 690.12s/it]
Salt_added_to_food:  78%|[33mâ–ˆâ–ˆâ–ˆâ–ˆâ–ˆâ–ˆâ–ˆâ–Š  [0m| 250/319 [24:25:00<13:13:38, 690.12s/it]
Salt_added_to_food:  79%|[33mâ–ˆâ–ˆâ–ˆâ–ˆâ–ˆâ–ˆâ–ˆâ–Š  [0m| 251/319 [24:40:30<14:23:44, 762.12s/it]
Tea_intake:  79%|[33mâ–ˆâ–ˆâ–ˆâ–ˆâ–ˆâ–ˆâ–ˆâ–Š  [0m| 251/319 [24:40:30<14:23:44, 762.12s/it]        
Tea_intake:  79%|[33mâ–ˆâ–ˆâ–ˆâ–ˆâ–ˆâ–ˆâ–ˆâ–‰  [0m| 252/319 [24:47:25<12:14:41, 657.93s/it]
Coffee_type:  79%|[33mâ–ˆâ–ˆâ–ˆâ–ˆâ–ˆâ–ˆâ–ˆâ–‰  [0m| 252/319 [24:47:25<12:14:41, 657.93s/it]
Coffee_type:  79%|[33mâ–ˆâ–ˆâ–ˆâ–ˆâ–ˆâ–ˆâ–ˆâ–‰  [0m| 253/319 [24:54:19<10:43:21, 584.87s/it]
Hot_drink_temperature:  79%|[33mâ–ˆâ–ˆâ–ˆâ–ˆâ–ˆâ–ˆâ–ˆâ–‰  [0m| 253/319 [24:54:19<10:43:21, 584.87s/it]
Hot_drink_temperature:  80%|[33mâ–ˆâ–ˆâ–ˆâ–ˆâ–ˆâ–ˆâ–ˆâ–‰  [0m| 254/319 [25:01:14<9:38:15, 533.77s/it] 
Water_intake:  80%|[33mâ–ˆâ–ˆâ–ˆâ–ˆâ–ˆâ–ˆâ–ˆâ–‰  [0m| 254/319 [25:01:14<9:38:15, 533.77s/it]         
Water_intake:  80%|[33mâ–ˆâ–ˆâ–ˆâ–ˆâ–ˆâ–ˆâ–ˆâ–‰  [0m| 255/319 [25:08:09<8:51:21, 498.15s/it]
Major_dietary_changes_in_the_last_5_years:  80%|[33mâ–ˆâ–ˆâ–ˆâ–ˆâ–ˆâ–ˆâ–ˆâ–‰  [0m| 255/319 [25:08:09<8:51:21, 498.15s/it]
Major_dietary_changes_in_the_last_5_years:  80%|[33mâ–ˆâ–ˆâ–ˆâ–ˆâ–ˆâ–ˆâ–ˆâ–ˆ  [0m| 256/319 [25:22:28<10:36:45, 606.44s/it]
Variation_in_diet:  80%|[33mâ–ˆâ–ˆâ–ˆâ–ˆâ–ˆâ–ˆâ–ˆâ–ˆ  [0m| 256/319 [25:22:28<10:36:45, 606.44s/it]                        
Variation_in_diet:  81%|[33mâ–ˆâ–ˆâ–ˆâ–ˆâ–ˆâ–ˆâ–ˆâ–ˆ  [0m| 257/319 [25:29:29<9:29:09, 550.79s/it] 
Never_eat_eggs_dairy_wheat_sugar:  81%|[33mâ–ˆâ–ˆâ–ˆâ–ˆâ–ˆâ–ˆâ–ˆâ–ˆ  [0m| 257/319 [25:29:29<9:29:09, 550.79s/it]
Never_eat_eggs_dairy_wheat_sugar:  81%|[33mâ–ˆâ–ˆâ–ˆâ–ˆâ–ˆâ–ˆâ–ˆâ–ˆ  [0m| 258/319 [25:46:33<11:44:17, 692.75s/it]
Sexe:  81%|[33mâ–ˆâ–ˆâ–ˆâ–ˆâ–ˆâ–ˆâ–ˆâ–ˆ  [0m| 258/319 [25:46:33<11:44:17, 692.75s/it]                            
Sexe:  81%|[33mâ–ˆâ–ˆâ–ˆâ–ˆâ–ˆâ–ˆâ–ˆâ–ˆ  [0m| 259/319 [25:52:50<9:58:12, 598.20s/it] 
Qualifications:  81%|[33mâ–ˆâ–ˆâ–ˆâ–ˆâ–ˆâ–ˆâ–ˆâ–ˆ  [0m| 259/319 [25:52:50<9:58:12, 598.20s/it]
Qualifications:  82%|[33mâ–ˆâ–ˆâ–ˆâ–ˆâ–ˆâ–ˆâ–ˆâ–ˆâ– [0m| 260/319 [26:06:14<10:48:51, 659.86s/it]
Height:  82%|[33mâ–ˆâ–ˆâ–ˆâ–ˆâ–ˆâ–ˆâ–ˆâ–ˆâ– [0m| 260/319 [26:06:14<10:48:51, 659.86s/it]        
Height:  82%|[33mâ–ˆâ–ˆâ–ˆâ–ˆâ–ˆâ–ˆâ–ˆâ–ˆâ– [0m| 261/319 [26:13:32<9:33:30, 593.28s/it] 
Body_mass_index_BMI:  82%|[33mâ–ˆâ–ˆâ–ˆâ–ˆâ–ˆâ–ˆâ–ˆâ–ˆâ– [0m| 261/319 [26:13:32<9:33:30, 593.28s/it]
Body_mass_index_BMI:  82%|[33mâ–ˆâ–ˆâ–ˆâ–ˆâ–ˆâ–ˆâ–ˆâ–ˆâ– [0m| 262/319 [26:20:49<8:38:59, 546.31s/it]
Weight:  82%|[33mâ–ˆâ–ˆâ–ˆâ–ˆâ–ˆâ–ˆâ–ˆâ–ˆâ– [0m| 262/319 [26:20:49<8:38:59, 546.31s/it]             
Weight:  82%|[33mâ–ˆâ–ˆâ–ˆâ–ˆâ–ˆâ–ˆâ–ˆâ–ˆâ– [0m| 263/319 [26:28:05<7:59:09, 513.39s/it]
Age_at_recruitment:  82%|[33mâ–ˆâ–ˆâ–ˆâ–ˆâ–ˆâ–ˆâ–ˆâ–ˆâ– [0m| 263/319 [26:28:05<7:59:09, 513.39s/it]
Age_at_recruitment:  83%|[33mâ–ˆâ–ˆâ–ˆâ–ˆâ–ˆâ–ˆâ–ˆâ–ˆâ–Ž [0m| 264/319 [26:35:24<7:29:58, 490.89s/it]
Mood_swings:  83%|[33mâ–ˆâ–ˆâ–ˆâ–ˆâ–ˆâ–ˆâ–ˆâ–ˆâ–Ž [0m| 264/319 [26:35:24<7:29:58, 490.89s/it]       
Mood_swings:  83%|[33mâ–ˆâ–ˆâ–ˆâ–ˆâ–ˆâ–ˆâ–ˆâ–ˆâ–Ž [0m| 265/319 [26:50:47<9:18:30, 620.56s/it]
Miserableness:  83%|[33mâ–ˆâ–ˆâ–ˆâ–ˆâ–ˆâ–ˆâ–ˆâ–ˆâ–Ž [0m| 265/319 [26:50:47<9:18:30, 620.56s/it]
Miserableness:  83%|[33mâ–ˆâ–ˆâ–ˆâ–ˆâ–ˆâ–ˆâ–ˆâ–ˆâ–Ž [0m| 266/319 [27:05:53<10:23:52, 706.27s/it]
Irritability:  83%|[33mâ–ˆâ–ˆâ–ˆâ–ˆâ–ˆâ–ˆâ–ˆâ–ˆâ–Ž [0m| 266/319 [27:05:53<10:23:52, 706.27s/it] 
Irritability:  84%|[33mâ–ˆâ–ˆâ–ˆâ–ˆâ–ˆâ–ˆâ–ˆâ–ˆâ–Ž [0m| 267/319 [27:21:13<11:07:41, 770.42s/it]
Sensitivity_or_hurt_feelings:  84%|[33mâ–ˆâ–ˆâ–ˆâ–ˆâ–ˆâ–ˆâ–ˆâ–ˆâ–Ž [0m| 267/319 [27:21:13<11:07:41, 770.42s/it]
Sensitivity_or_hurt_feelings:  84%|[33mâ–ˆâ–ˆâ–ˆâ–ˆâ–ˆâ–ˆâ–ˆâ–ˆâ– [0m| 268/319 [27:35:59<11:24:22, 805.14s/it]
Fed_up_feelings:  84%|[33mâ–ˆâ–ˆâ–ˆâ–ˆâ–ˆâ–ˆâ–ˆâ–ˆâ– [0m| 268/319 [27:35:59<11:24:22, 805.14s/it]             
Fed_up_feelings:  84%|[33mâ–ˆâ–ˆâ–ˆâ–ˆâ–ˆâ–ˆâ–ˆâ–ˆâ– [0m| 269/319 [27:51:38<11:44:17, 845.16s/it]
Nervous_feelings:  84%|[33mâ–ˆâ–ˆâ–ˆâ–ˆâ–ˆâ–ˆâ–ˆâ–ˆâ– [0m| 269/319 [27:51:38<11:44:17, 845.16s/it]
Nervous_feelings:  85%|[33mâ–ˆâ–ˆâ–ˆâ–ˆâ–ˆâ–ˆâ–ˆâ–ˆâ– [0m| 270/319 [28:07:51<12:01:38, 883.63s/it]
Worrier_or_anxious_feelings:  85%|[33mâ–ˆâ–ˆâ–ˆâ–ˆâ–ˆâ–ˆâ–ˆâ–ˆâ– [0m| 270/319 [28:07:51<12:01:38, 883.63s/it]
Worrier_or_anxious_feelings:  85%|[33mâ–ˆâ–ˆâ–ˆâ–ˆâ–ˆâ–ˆâ–ˆâ–ˆâ– [0m| 271/319 [28:22:14<11:41:47, 877.24s/it]
Tense_or_highly_strung:  85%|[33mâ–ˆâ–ˆâ–ˆâ–ˆâ–ˆâ–ˆâ–ˆâ–ˆâ– [0m| 271/319 [28:22:14<11:41:47, 877.24s/it]     
Tense_or_highly_strung:  85%|[33mâ–ˆâ–ˆâ–ˆâ–ˆâ–ˆâ–ˆâ–ˆâ–ˆâ–Œ [0m| 272/319 [28:39:02<11:58:02, 916.64s/it]
Worry_too_long_after_embarrassment:  85%|[33mâ–ˆâ–ˆâ–ˆâ–ˆâ–ˆâ–ˆâ–ˆâ–ˆâ–Œ [0m| 272/319 [28:39:02<11:58:02, 916.64s/it]
Worry_too_long_after_embarrassment:  86%|[33mâ–ˆâ–ˆâ–ˆâ–ˆâ–ˆâ–ˆâ–ˆâ–ˆâ–Œ [0m| 273/319 [28:54:19<11:42:52, 916.79s/it]
Suffer_from_nerves:  86%|[33mâ–ˆâ–ˆâ–ˆâ–ˆâ–ˆâ–ˆâ–ˆâ–ˆâ–Œ [0m| 273/319 [28:54:19<11:42:52, 916.79s/it]                
Suffer_from_nerves:  86%|[33mâ–ˆâ–ˆâ–ˆâ–ˆâ–ˆâ–ˆâ–ˆâ–ˆâ–Œ [0m| 274/319 [29:09:17<11:23:19, 911.11s/it]
Loneliness_isolation:  86%|[33mâ–ˆâ–ˆâ–ˆâ–ˆâ–ˆâ–ˆâ–ˆâ–ˆâ–Œ [0m| 274/319 [29:09:17<11:23:19, 911.11s/it]
Loneliness_isolation:  86%|[33mâ–ˆâ–ˆâ–ˆâ–ˆâ–ˆâ–ˆâ–ˆâ–ˆâ–Œ [0m| 275/319 [29:26:42<11:37:32, 951.20s/it]
Guilty_feelings:  86%|[33mâ–ˆâ–ˆâ–ˆâ–ˆâ–ˆâ–ˆâ–ˆâ–ˆâ–Œ [0m| 275/319 [29:26:42<11:37:32, 951.20s/it]     
Guilty_feelings:  87%|[33mâ–ˆâ–ˆâ–ˆâ–ˆâ–ˆâ–ˆâ–ˆâ–ˆâ–‹ [0m| 276/319 [29:43:16<11:31:00, 964.21s/it]
Risk_taking:  87%|[33mâ–ˆâ–ˆâ–ˆâ–ˆâ–ˆâ–ˆâ–ˆâ–ˆâ–‹ [0m| 276/319 [29:43:16<11:31:00, 964.21s/it]    
Risk_taking:  87%|[33mâ–ˆâ–ˆâ–ˆâ–ˆâ–ˆâ–ˆâ–ˆâ–ˆâ–‹ [0m| 277/319 [29:59:29<11:16:48, 966.88s/it]
Frequency_of_depressed_mood_in_last_2_weeks:  87%|[33mâ–ˆâ–ˆâ–ˆâ–ˆâ–ˆâ–ˆâ–ˆâ–ˆâ–‹ [0m| 277/319 [29:59:29<11:16:48, 966.88s/it]
Frequency_of_depressed_mood_in_last_2_weeks:  87%|[33mâ–ˆâ–ˆâ–ˆâ–ˆâ–ˆâ–ˆâ–ˆâ–ˆâ–‹ [0m| 278/319 [30:08:11<9:29:23, 833.27s/it] 
Frequency_of_unenthusiasm_or_disinterest_in_last_2_weeks:  87%|[33mâ–ˆâ–ˆâ–ˆâ–ˆâ–ˆâ–ˆâ–ˆâ–ˆâ–‹ [0m| 278/319 [30:08:11<9:29:23, 833.27s/it]
Frequency_of_unenthusiasm_or_disinterest_in_last_2_weeks:  87%|[33mâ–ˆâ–ˆâ–ˆâ–ˆâ–ˆâ–ˆâ–ˆâ–ˆâ–‹ [0m| 279/319 [30:16:52<8:13:01, 739.54s/it]
Frequency_of_tenseness_or_restlessness_in_last_2_weeks:  87%|[33mâ–ˆâ–ˆâ–ˆâ–ˆâ–ˆâ–ˆâ–ˆâ–ˆâ–‹ [0m| 279/319 [30:16:52<8:13:01, 739.54s/it]  
Frequency_of_tenseness_or_restlessness_in_last_2_weeks:  88%|[33mâ–ˆâ–ˆâ–ˆâ–ˆâ–ˆâ–ˆâ–ˆâ–ˆâ–Š [0m| 280/319 [30:25:34<7:18:21, 674.40s/it]
Frequency_of_tiredness_or_lethargy_in_last_2_weeks:  88%|[33mâ–ˆâ–ˆâ–ˆâ–ˆâ–ˆâ–ˆâ–ˆâ–ˆâ–Š [0m| 280/319 [30:25:34<7:18:21, 674.40s/it]    
Frequency_of_tiredness_or_lethargy_in_last_2_weeks:  88%|[33mâ–ˆâ–ˆâ–ˆâ–ˆâ–ˆâ–ˆâ–ˆâ–ˆâ–Š [0m| 281/319 [30:34:16<6:38:01, 628.46s/it]
Seen_doctor_GP_for_nerves_anxiety_tension_or_depression:  88%|[33mâ–ˆâ–ˆâ–ˆâ–ˆâ–ˆâ–ˆâ–ˆâ–ˆâ–Š [0m| 281/319 [30:34:16<6:38:01, 628.46s/it]
Seen_doctor_GP_for_nerves_anxiety_tension_or_depression:  88%|[33mâ–ˆâ–ˆâ–ˆâ–ˆâ–ˆâ–ˆâ–ˆâ–ˆâ–Š [0m| 282/319 [30:52:11<7:50:13, 762.52s/it]
Seen_a_psychiatrist_for_nerves_anxiety_tension_or_depression:  88%|[33mâ–ˆâ–ˆâ–ˆâ–ˆâ–ˆâ–ˆâ–ˆâ–ˆâ–Š [0m| 282/319 [30:52:11<7:50:13, 762.52s/it]
Seen_a_psychiatrist_for_nerves_anxiety_tension_or_depression:  89%|[33mâ–ˆâ–ˆâ–ˆâ–ˆâ–ˆâ–ˆâ–ˆâ–ˆâ–Š [0m| 283/319 [31:10:54<8:42:28, 870.80s/it]
Ever_depressed_for_a_whole_week:  89%|[33mâ–ˆâ–ˆâ–ˆâ–ˆâ–ˆâ–ˆâ–ˆâ–ˆâ–Š [0m| 283/319 [31:10:54<8:42:28, 870.80s/it]                             
Ever_depressed_for_a_whole_week:  89%|[33mâ–ˆâ–ˆâ–ˆâ–ˆâ–ˆâ–ˆâ–ˆâ–ˆâ–‰ [0m| 284/319 [31:26:56<8:43:51, 898.05s/it]
Ever_unenthusiasticordisinterested_for_a_whole_week:  89%|[33mâ–ˆâ–ˆâ–ˆâ–ˆâ–ˆâ–ˆâ–ˆâ–ˆâ–‰ [0m| 284/319 [31:26:56<8:43:51, 898.05s/it]
Ever_unenthusiasticordisinterested_for_a_whole_week:  89%|[33mâ–ˆâ–ˆâ–ˆâ–ˆâ–ˆâ–ˆâ–ˆâ–ˆâ–‰ [0m| 285/319 [31:42:59<8:39:52, 917.42s/it]
Ever_manicorhyper_for_2_days:  89%|[33mâ–ˆâ–ˆâ–ˆâ–ˆâ–ˆâ–ˆâ–ˆâ–ˆâ–‰ [0m| 285/319 [31:42:59<8:39:52, 917.42s/it]                       
Ever_manicorhyper_for_2_days:  90%|[33mâ–ˆâ–ˆâ–ˆâ–ˆâ–ˆâ–ˆâ–ˆâ–ˆâ–‰ [0m| 286/319 [32:01:04<8:52:15, 967.75s/it]
Ever_highly_irritableorargumentative_for_2_days:  90%|[33mâ–ˆâ–ˆâ–ˆâ–ˆâ–ˆâ–ˆâ–ˆâ–ˆâ–‰ [0m| 286/319 [32:01:04<8:52:15, 967.75s/it]
Ever_highly_irritableorargumentative_for_2_days:  90%|[33mâ–ˆâ–ˆâ–ˆâ–ˆâ–ˆâ–ˆâ–ˆâ–ˆâ–‰ [0m| 287/319 [32:18:20<8:47:06, 988.32s/it]
Illness_injury_bereavement_stress_in_last_2_years:  90%|[33mâ–ˆâ–ˆâ–ˆâ–ˆâ–ˆâ–ˆâ–ˆâ–ˆâ–‰ [0m| 287/319 [32:18:20<8:47:06, 988.32s/it]
Illness_injury_bereavement_stress_in_last_2_years:  90%|[33mâ–ˆâ–ˆâ–ˆâ–ˆâ–ˆâ–ˆâ–ˆâ–ˆâ–ˆ [0m| 288/319 [32:35:50<8:40:08, 1006.73s/it]
Neuroticism_score:  90%|[33mâ–ˆâ–ˆâ–ˆâ–ˆâ–ˆâ–ˆâ–ˆâ–ˆâ–ˆ [0m| 288/319 [32:35:50<8:40:08, 1006.73s/it]                                
Neuroticism_score:  91%|[33mâ–ˆâ–ˆâ–ˆâ–ˆâ–ˆâ–ˆâ–ˆâ–ˆâ–ˆ [0m| 289/319 [32:45:18<7:17:38, 875.27s/it] 
Sleep_duration:  91%|[33mâ–ˆâ–ˆâ–ˆâ–ˆâ–ˆâ–ˆâ–ˆâ–ˆâ–ˆ [0m| 289/319 [32:45:18<7:17:38, 875.27s/it]   
Sleep_duration:  91%|[33mâ–ˆâ–ˆâ–ˆâ–ˆâ–ˆâ–ˆâ–ˆâ–ˆâ–ˆ [0m| 290/319 [32:54:47<6:18:40, 783.46s/it]
Getting_up_in_morning:  91%|[33mâ–ˆâ–ˆâ–ˆâ–ˆâ–ˆâ–ˆâ–ˆâ–ˆâ–ˆ [0m| 290/319 [32:54:47<6:18:40, 783.46s/it]
Getting_up_in_morning:  91%|[33mâ–ˆâ–ˆâ–ˆâ–ˆâ–ˆâ–ˆâ–ˆâ–ˆâ–ˆ [0m| 291/319 [33:04:19<5:35:53, 719.78s/it]
Morningorevening_person_chronotype:  91%|[33mâ–ˆâ–ˆâ–ˆâ–ˆâ–ˆâ–ˆâ–ˆâ–ˆâ–ˆ [0m| 291/319 [33:04:19<5:35:53, 719.78s/it]
Morningorevening_person_chronotype:  92%|[33mâ–ˆâ–ˆâ–ˆâ–ˆâ–ˆâ–ˆâ–ˆâ–ˆâ–ˆâ–[0m| 292/319 [33:19:29<5:49:33, 776.81s/it]
Nap_during_day:  92%|[33mâ–ˆâ–ˆâ–ˆâ–ˆâ–ˆâ–ˆâ–ˆâ–ˆâ–ˆâ–[0m| 292/319 [33:19:29<5:49:33, 776.81s/it]                    
Nap_during_day:  92%|[33mâ–ˆâ–ˆâ–ˆâ–ˆâ–ˆâ–ˆâ–ˆâ–ˆâ–ˆâ–[0m| 293/319 [33:36:49<6:10:51, 855.82s/it]
Sleeplessness_or_insomnia:  92%|[33mâ–ˆâ–ˆâ–ˆâ–ˆâ–ˆâ–ˆâ–ˆâ–ˆâ–ˆâ–[0m| 293/319 [33:36:49<6:10:51, 855.82s/it]
Sleeplessness_or_insomnia:  92%|[33mâ–ˆâ–ˆâ–ˆâ–ˆâ–ˆâ–ˆâ–ˆâ–ˆâ–ˆâ–[0m| 294/319 [33:52:21<6:06:10, 878.82s/it]
Snoring:  92%|[33mâ–ˆâ–ˆâ–ˆâ–ˆâ–ˆâ–ˆâ–ˆâ–ˆâ–ˆâ–[0m| 294/319 [33:52:21<6:06:10, 878.82s/it]                  
Snoring:  92%|[33mâ–ˆâ–ˆâ–ˆâ–ˆâ–ˆâ–ˆâ–ˆâ–ˆâ–ˆâ–[0m| 295/319 [34:07:53<5:57:53, 894.71s/it]
Daytime_dozing_or_sleeping:  92%|[33mâ–ˆâ–ˆâ–ˆâ–ˆâ–ˆâ–ˆâ–ˆâ–ˆâ–ˆâ–[0m| 295/319 [34:07:53<5:57:53, 894.71s/it]
Daytime_dozing_or_sleeping:  93%|[33mâ–ˆâ–ˆâ–ˆâ–ˆâ–ˆâ–ˆâ–ˆâ–ˆâ–ˆâ–Ž[0m| 296/319 [34:29:25<6:28:38, 1013.84s/it]
Current_tobacco_smoking:  93%|[33mâ–ˆâ–ˆâ–ˆâ–ˆâ–ˆâ–ˆâ–ˆâ–ˆâ–ˆâ–Ž[0m| 296/319 [34:29:25<6:28:38, 1013.84s/it]   
Current_tobacco_smoking:  93%|[33mâ–ˆâ–ˆâ–ˆâ–ˆâ–ˆâ–ˆâ–ˆâ–ˆâ–ˆâ–Ž[0m| 297/319 [34:48:14<6:24:24, 1048.41s/it]
Past_tobacco_smoking:  93%|[33mâ–ˆâ–ˆâ–ˆâ–ˆâ–ˆâ–ˆâ–ˆâ–ˆâ–ˆâ–Ž[0m| 297/319 [34:48:14<6:24:24, 1048.41s/it]   
Past_tobacco_smoking:  93%|[33mâ–ˆâ–ˆâ–ˆâ–ˆâ–ˆâ–ˆâ–ˆâ–ˆâ–ˆâ–Ž[0m| 298/319 [35:04:37<6:00:05, 1028.85s/it]
Smoking_status:  93%|[33mâ–ˆâ–ˆâ–ˆâ–ˆâ–ˆâ–ˆâ–ˆâ–ˆâ–ˆâ–Ž[0m| 298/319 [35:04:37<6:00:05, 1028.85s/it]      
Smoking_status:  94%|[33mâ–ˆâ–ˆâ–ˆâ–ˆâ–ˆâ–ˆâ–ˆâ–ˆâ–ˆâ–Ž[0m| 299/319 [35:21:42<5:42:32, 1027.65s/it]
Ever_smoked:  94%|[33mâ–ˆâ–ˆâ–ˆâ–ˆâ–ˆâ–ˆâ–ˆâ–ˆâ–ˆâ–Ž[0m| 299/319 [35:21:42<5:42:32, 1027.65s/it]   
Ever_smoked:  94%|[33mâ–ˆâ–ˆâ–ˆâ–ˆâ–ˆâ–ˆâ–ˆâ–ˆâ–ˆâ–[0m| 300/319 [35:31:15<4:42:14, 891.27s/it] 
Month_of_attending_assessment_centre:  94%|[33mâ–ˆâ–ˆâ–ˆâ–ˆâ–ˆâ–ˆâ–ˆâ–ˆâ–ˆâ–[0m| 300/319 [35:31:15<4:42:14, 891.27s/it]
Month_of_attending_assessment_centre:  94%|[33mâ–ˆâ–ˆâ–ˆâ–ˆâ–ˆâ–ˆâ–ˆâ–ˆâ–ˆâ–[0m| 301/319 [35:41:35<4:02:55, 809.73s/it]
Length_of_mobile_phone_use:  94%|[33mâ–ˆâ–ˆâ–ˆâ–ˆâ–ˆâ–ˆâ–ˆâ–ˆâ–ˆâ–[0m| 301/319 [35:41:35<4:02:55, 809.73s/it]          
Length_of_mobile_phone_use:  95%|[33mâ–ˆâ–ˆâ–ˆâ–ˆâ–ˆâ–ˆâ–ˆâ–ˆâ–ˆâ–[0m| 302/319 [35:51:55<3:33:22, 753.10s/it]
Weekly_usage_of_mobile_phone_in_last_3_months:  95%|[33mâ–ˆâ–ˆâ–ˆâ–ˆâ–ˆâ–ˆâ–ˆâ–ˆâ–ˆâ–[0m| 302/319 [35:51:55<3:33:22, 753.10s/it]
Weekly_usage_of_mobile_phone_in_last_3_months:  95%|[33mâ–ˆâ–ˆâ–ˆâ–ˆâ–ˆâ–ˆâ–ˆâ–ˆâ–ˆâ–[0m| 303/319 [36:02:18<3:10:21, 713.85s/it]
Handsfree_device_speakerphone_use_with_mobile_phone_in_last_3_month:  95%|[33mâ–ˆâ–ˆâ–ˆâ–ˆâ–ˆâ–ˆâ–ˆâ–ˆâ–ˆâ–[0m| 303/319 [36:02:18<3:10:21, 713.85s/it]
Handsfree_device_speakerphone_use_with_mobile_phone_in_last_3_month:  95%|[33mâ–ˆâ–ˆâ–ˆâ–ˆâ–ˆâ–ˆâ–ˆâ–ˆâ–ˆâ–Œ[0m| 304/319 [36:12:41<2:51:40, 686.73s/it]
Difference_in_mobile_phone_use_compared_to_two_years_previously:  95%|[33mâ–ˆâ–ˆâ–ˆâ–ˆâ–ˆâ–ˆâ–ˆâ–ˆâ–ˆâ–Œ[0m| 304/319 [36:12:41<2:51:40, 686.73s/it]    
Difference_in_mobile_phone_use_compared_to_two_years_previously:  96%|[33mâ–ˆâ–ˆâ–ˆâ–ˆâ–ˆâ–ˆâ–ˆâ–ˆâ–ˆâ–Œ[0m| 305/319 [36:23:05<2:35:49, 667.83s/it]
Usual_side_of_head_for_mobile_phone_use:  96%|[33mâ–ˆâ–ˆâ–ˆâ–ˆâ–ˆâ–ˆâ–ˆâ–ˆâ–ˆâ–Œ[0m| 305/319 [36:23:05<2:35:49, 667.83s/it]                        
Usual_side_of_head_for_mobile_phone_use:  96%|[33mâ–ˆâ–ˆâ–ˆâ–ˆâ–ˆâ–ˆâ–ˆâ–ˆâ–ˆâ–Œ[0m| 306/319 [36:43:00<2:58:59, 826.11s/it]
Plays_computer_games:  96%|[33mâ–ˆâ–ˆâ–ˆâ–ˆâ–ˆâ–ˆâ–ˆâ–ˆâ–ˆâ–Œ[0m| 306/319 [36:43:00<2:58:59, 826.11s/it]                   
Plays_computer_games:  96%|[33mâ–ˆâ–ˆâ–ˆâ–ˆâ–ˆâ–ˆâ–ˆâ–ˆâ–ˆâ–Œ[0m| 307/319 [37:01:16<3:01:24, 907.04s/it]
Average_total_household_income_before_tax:  96%|[33mâ–ˆâ–ˆâ–ˆâ–ˆâ–ˆâ–ˆâ–ˆâ–ˆâ–ˆâ–Œ[0m| 307/319 [37:01:16<3:01:24, 907.04s/it]
Average_total_household_income_before_tax:  97%|[33mâ–ˆâ–ˆâ–ˆâ–ˆâ–ˆâ–ˆâ–ˆâ–ˆâ–ˆâ–‹[0m| 308/319 [37:11:59<2:31:46, 827.82s/it]
Scanner_lateral_X_brain_position:  97%|[33mâ–ˆâ–ˆâ–ˆâ–ˆâ–ˆâ–ˆâ–ˆâ–ˆâ–ˆâ–‹[0m| 308/319 [37:11:59<2:31:46, 827.82s/it]         
Scanner_lateral_X_brain_position:  97%|[33mâ–ˆâ–ˆâ–ˆâ–ˆâ–ˆâ–ˆâ–ˆâ–ˆâ–ˆâ–‹[0m| 309/319 [37:22:40<2:08:37, 771.80s/it]
Scanner_transverse_Y_brain_position:  97%|[33mâ–ˆâ–ˆâ–ˆâ–ˆâ–ˆâ–ˆâ–ˆâ–ˆâ–ˆâ–‹[0m| 309/319 [37:22:40<2:08:37, 771.80s/it]
Scanner_transverse_Y_brain_position:  97%|[33mâ–ˆâ–ˆâ–ˆâ–ˆâ–ˆâ–ˆâ–ˆâ–ˆâ–ˆâ–‹[0m| 310/319 [37:33:24<1:50:00, 733.39s/it]
Scanner_longitudinal_Z_brain_position:  97%|[33mâ–ˆâ–ˆâ–ˆâ–ˆâ–ˆâ–ˆâ–ˆâ–ˆâ–ˆâ–‹[0m| 310/319 [37:33:24<1:50:00, 733.39s/it]
Scanner_longitudinal_Z_brain_position:  97%|[33mâ–ˆâ–ˆâ–ˆâ–ˆâ–ˆâ–ˆâ–ˆâ–ˆâ–ˆâ–‹[0m| 311/319 [37:44:07<1:34:09, 706.24s/it]
Scanner_table_position:  97%|[33mâ–ˆâ–ˆâ–ˆâ–ˆâ–ˆâ–ˆâ–ˆâ–ˆâ–ˆâ–‹[0m| 311/319 [37:44:07<1:34:09, 706.24s/it]               
Scanner_table_position:  98%|[33mâ–ˆâ–ˆâ–ˆâ–ˆâ–ˆâ–ˆâ–ˆâ–ˆâ–ˆâ–Š[0m| 312/319 [37:54:53<1:20:16, 688.13s/it]
Amount_of_warping_applied_to_nonlinearly_align_T1_brain_image_to_standardspace:  98%|[33mâ–ˆâ–ˆâ–ˆâ–ˆâ–ˆâ–ˆâ–ˆâ–ˆâ–ˆâ–Š[0m| 312/319 [37:54:53<1:20:16, 688.13s/it]
Amount_of_warping_applied_to_nonlinearly_align_T1_brain_image_to_standardspace:  98%|[33mâ–ˆâ–ˆâ–ˆâ–ˆâ–ˆâ–ˆâ–ˆâ–ˆâ–ˆâ–Š[0m| 313/319 [38:05:34<1:07:24, 674.01s/it]
Discrepancy_between_T1_brain_image_and_standardspace_brain_template_linearlyaligned:  98%|[33mâ–ˆâ–ˆâ–ˆâ–ˆâ–ˆâ–ˆâ–ˆâ–ˆâ–ˆâ–Š[0m| 313/319 [38:05:34<1:07:24, 674.01s/it]
Discrepancy_between_T1_brain_image_and_standardspace_brain_template_linearlyaligned:  98%|[33mâ–ˆâ–ˆâ–ˆâ–ˆâ–ˆâ–ˆâ–ˆâ–ˆâ–ˆâ–Š[0m| 314/319 [38:16:20<55:28, 665.79s/it]  
Discrepancy_between_T1_brain_image_and_standardspace_brain_template_nonlinearlyaligned:  98%|[33mâ–ˆâ–ˆâ–ˆâ–ˆâ–ˆâ–ˆâ–ˆâ–ˆâ–ˆâ–Š[0m| 314/319 [38:16:20<55:28, 665.79s/it]
Discrepancy_between_T1_brain_image_and_standardspace_brain_template_nonlinearlyaligned:  99%|[33mâ–ˆâ–ˆâ–ˆâ–ˆâ–ˆâ–ˆâ–ˆâ–ˆâ–ˆâ–Š[0m| 315/319 [38:27:03<43:55, 658.82s/it]
Inverted_contrasttonoise_ratio_in_T1:  99%|[33mâ–ˆâ–ˆâ–ˆâ–ˆâ–ˆâ–ˆâ–ˆâ–ˆâ–ˆâ–Š[0m| 315/319 [38:27:03<43:55, 658.82s/it]                                                  
Inverted_contrasttonoise_ratio_in_T1:  99%|[33mâ–ˆâ–ˆâ–ˆâ–ˆâ–ˆâ–ˆâ–ˆâ–ˆâ–ˆâ–‰[0m| 316/319 [38:37:47<32:43, 654.50s/it]
Inverted_signaltonoise_ratio_in_T1:  99%|[33mâ–ˆâ–ˆâ–ˆâ–ˆâ–ˆâ–ˆâ–ˆâ–ˆâ–ˆâ–‰[0m| 316/319 [38:37:47<32:43, 654.50s/it]  
Inverted_signaltonoise_ratio_in_T1:  99%|[33mâ–ˆâ–ˆâ–ˆâ–ˆâ–ˆâ–ˆâ–ˆâ–ˆâ–ˆâ–‰[0m| 317/319 [38:48:31<21:42, 651.34s/it]
Discrepancy_between_T2_FLAIR_brain_image_and_T1_brain_image:  99%|[33mâ–ˆâ–ˆâ–ˆâ–ˆâ–ˆâ–ˆâ–ˆâ–ˆâ–ˆâ–‰[0m| 317/319 [38:48:31<21:42, 651.34s/it]
Discrepancy_between_T2_FLAIR_brain_image_and_T1_brain_image: 100%|[33mâ–ˆâ–ˆâ–ˆâ–ˆâ–ˆâ–ˆâ–ˆâ–ˆâ–ˆâ–‰[0m| 318/319 [38:59:16<10:49, 649.39s/it]
UK_Biobank_assessment_centre: 100%|[33mâ–ˆâ–ˆâ–ˆâ–ˆâ–ˆâ–ˆâ–ˆâ–ˆâ–ˆâ–‰[0m| 318/319 [38:59:16<10:49, 649.39s/it]                               
UK_Biobank_assessment_centre: 100%|[33mâ–ˆâ–ˆâ–ˆâ–ˆâ–ˆâ–ˆâ–ˆâ–ˆâ–ˆâ–ˆ[0m| 319/319 [39:22:28<00:00, 872.07s/it]
UK_Biobank_assessment_centre: 100%|[33mâ–ˆâ–ˆâ–ˆâ–ˆâ–ˆâ–ˆâ–ˆâ–ˆâ–ˆâ–ˆ[0m| 319/319 [39:22:28<00:00, 444.35s/it]
