GPU 0: Tesla P100-PCIE-16GB (UUID: GPU-3d5d7119-8211-1379-5071-471caed20c03)

[1;34mExtracting features = test/UKB[0m

[1;34mMultivariate analysis for model = test/UKB[0m
Importing outputs/test/UKB/config.cfg...
  0%|[33m          [0m| 0/14 [00:00<?, ?it/s]
risk_taking_bin:   0%|[33m          [0m| 0/14 [00:00<?, ?it/s]
risk_taking_bin:   7%|[33mâ–‹         [0m| 1/14 [11:32<2:29:59, 692.29s/it]
mood_swings_bin:   7%|[33mâ–‹         [0m| 1/14 [11:32<2:29:59, 692.29s/it]
mood_swings_bin:  14%|[33mâ–ˆâ–        [0m| 2/14 [20:21<1:59:14, 596.17s/it]
miserableness_bin:  14%|[33mâ–ˆâ–        [0m| 2/14 [20:21<1:59:14, 596.17s/it]
miserableness_bin:  21%|[33mâ–ˆâ–ˆâ–       [0m| 3/14 [29:09<1:43:35, 565.03s/it]
seen_psy:  21%|[33mâ–ˆâ–ˆâ–       [0m| 3/14 [29:09<1:43:35, 565.03s/it]         
seen_psy:  29%|[33mâ–ˆâ–ˆâ–Š       [0m| 4/14 [55:47<2:42:08, 972.89s/it]
APOE_bin:  29%|[33mâ–ˆâ–ˆâ–Š       [0m| 4/14 [55:47<2:42:08, 972.89s/it]
APOE_bin:  36%|[33mâ–ˆâ–ˆâ–ˆâ–Œ      [0m| 5/14 [1:07:00<2:09:42, 864.67s/it]
alcohol_drinker_bin:  36%|[33mâ–ˆâ–ˆâ–ˆâ–Œ      [0m| 5/14 [1:07:00<2:09:42, 864.67s/it]
alcohol_drinker_bin:  43%|[33mâ–ˆâ–ˆâ–ˆâ–ˆâ–Ž     [0m| 6/14 [1:35:55<2:34:45, 1160.75s/it]
binary_carotid:  43%|[33mâ–ˆâ–ˆâ–ˆâ–ˆâ–Ž     [0m| 6/14 [1:35:55<2:34:45, 1160.75s/it]     
binary_carotid:  50%|[33mâ–ˆâ–ˆâ–ˆâ–ˆâ–ˆ     [0m| 7/14 [1:44:43<1:51:18, 954.02s/it] 
Smoking_status_bin:  50%|[33mâ–ˆâ–ˆâ–ˆâ–ˆâ–ˆ     [0m| 7/14 [1:44:43<1:51:18, 954.02s/it]
Smoking_status_bin:  57%|[33mâ–ˆâ–ˆâ–ˆâ–ˆâ–ˆâ–‹    [0m| 8/14 [1:53:36<1:21:59, 819.90s/it]
Diabetes_diagnosed_binary:  57%|[33mâ–ˆâ–ˆâ–ˆâ–ˆâ–ˆâ–‹    [0m| 8/14 [1:53:36<1:21:59, 819.90s/it]
Diabetes_diagnosed_binary:  64%|[33mâ–ˆâ–ˆâ–ˆâ–ˆâ–ˆâ–ˆâ–   [0m| 9/14 [2:23:04<1:33:01, 1116.24s/it]
Vascular_disease_binary:  64%|[33mâ–ˆâ–ˆâ–ˆâ–ˆâ–ˆâ–ˆâ–   [0m| 9/14 [2:23:04<1:33:01, 1116.24s/it]  
Vascular_disease_binary:  71%|[33mâ–ˆâ–ˆâ–ˆâ–ˆâ–ˆâ–ˆâ–ˆâ–  [0m| 10/14 [2:37:41<1:09:29, 1042.30s/it]
Volume_of_brain_grey_white_matter:  71%|[33mâ–ˆâ–ˆâ–ˆâ–ˆâ–ˆâ–ˆâ–ˆâ–  [0m| 10/14 [2:37:41<1:09:29, 1042.30s/it]
Volume_of_brain_grey_white_matter:  79%|[33mâ–ˆâ–ˆâ–ˆâ–ˆâ–ˆâ–ˆâ–ˆâ–Š  [0m| 11/14 [2:40:49<39:02, 780.81s/it]   
Sexe:  79%|[33mâ–ˆâ–ˆâ–ˆâ–ˆâ–ˆâ–ˆâ–ˆâ–Š  [0m| 11/14 [2:40:49<39:02, 780.81s/it]                             
Sexe:  86%|[33mâ–ˆâ–ˆâ–ˆâ–ˆâ–ˆâ–ˆâ–ˆâ–ˆâ–Œ [0m| 12/14 [2:49:36<23:27, 703.55s/it]
Age_at_recruitment:  86%|[33mâ–ˆâ–ˆâ–ˆâ–ˆâ–ˆâ–ˆâ–ˆâ–ˆâ–Œ [0m| 12/14 [2:49:36<23:27, 703.55s/it]
Age_at_recruitment:  93%|[33mâ–ˆâ–ˆâ–ˆâ–ˆâ–ˆâ–ˆâ–ˆâ–ˆâ–ˆâ–Ž[0m| 13/14 [2:52:43<09:07, 547.12s/it]
Scanner_table_position:  93%|[33mâ–ˆâ–ˆâ–ˆâ–ˆâ–ˆâ–ˆâ–ˆâ–ˆâ–ˆâ–Ž[0m| 13/14 [2:52:43<09:07, 547.12s/it]
Scanner_table_position: 100%|[33mâ–ˆâ–ˆâ–ˆâ–ˆâ–ˆâ–ˆâ–ˆâ–ˆâ–ˆâ–ˆ[0m| 14/14 [2:55:51<00:00, 438.60s/it]
Scanner_table_position: 100%|[33mâ–ˆâ–ˆâ–ˆâ–ˆâ–ˆâ–ˆâ–ˆâ–ˆâ–ˆâ–ˆ[0m| 14/14 [2:55:51<00:00, 753.64s/it]
